The system is: Linux - 6.8.0-48-generic - x86_64
Compiling the C compiler identification source file "CMakeCCompilerId.c" succeeded.
Compiler: /usr/bin/gcc 
Build flags: 
Id flags:  

The output was:
0


Compilation of the C compiler identification source "CMakeCCompilerId.c" produced "a.out"

The C compiler identification is GNU, found in "/home/sneha/scarab/src/build/opt/CMakeFiles/3.16.3/CompilerIdC/a.out"

Compiling the CXX compiler identification source file "CMakeCXXCompilerId.cpp" succeeded.
Compiler: /usr/bin/g++ 
Build flags: 
Id flags:  

The output was:
0


Compilation of the CXX compiler identification source "CMakeCXXCompilerId.cpp" produced "a.out"

The CXX compiler identification is GNU, found in "/home/sneha/scarab/src/build/opt/CMakeFiles/3.16.3/CompilerIdCXX/a.out"

Checking whether the ASM compiler is GNU using "--version" matched "(GNU assembler)|(GCC)|(Free Software Foundation)":
GNU assembler (GNU Binutils for Ubuntu) 2.34
Copyright (C) 2020 Free Software Foundation, Inc.
This program is free software; you may redistribute it under the terms of
the GNU General Public License version 3 or later.
This program has absolutely no warranty.
This assembler was configured for a target of `x86_64-linux-gnu'.
Determining if the C compiler works passed with the following output:
Change Dir: /home/sneha/scarab/src/build/opt/CMakeFiles/CMakeTmp

Run Build Command(s):/usr/bin/make cmTC_b59ea/fast && make[1]: Entering directory '/home/sneha/scarab/src/build/opt/CMakeFiles/CMakeTmp'
/usr/bin/make -f CMakeFiles/cmTC_b59ea.dir/build.make CMakeFiles/cmTC_b59ea.dir/build
make[2]: Entering directory '/home/sneha/scarab/src/build/opt/CMakeFiles/CMakeTmp'
Building C object CMakeFiles/cmTC_b59ea.dir/testCCompiler.c.o
/usr/bin/gcc    -o CMakeFiles/cmTC_b59ea.dir/testCCompiler.c.o   -c /home/sneha/scarab/src/build/opt/CMakeFiles/CMakeTmp/testCCompiler.c
Linking C executable cmTC_b59ea
/usr/bin/cmake -E cmake_link_script CMakeFiles/cmTC_b59ea.dir/link.txt --verbose=1
/usr/bin/gcc      CMakeFiles/cmTC_b59ea.dir/testCCompiler.c.o  -o cmTC_b59ea 
make[2]: Leaving directory '/home/sneha/scarab/src/build/opt/CMakeFiles/CMakeTmp'
make[1]: Leaving directory '/home/sneha/scarab/src/build/opt/CMakeFiles/CMakeTmp'



Detecting C compiler ABI info compiled with the following output:
Change Dir: /home/sneha/scarab/src/build/opt/CMakeFiles/CMakeTmp

Run Build Command(s):/usr/bin/make cmTC_a6524/fast && make[1]: Entering directory '/home/sneha/scarab/src/build/opt/CMakeFiles/CMakeTmp'
/usr/bin/make -f CMakeFiles/cmTC_a6524.dir/build.make CMakeFiles/cmTC_a6524.dir/build
make[2]: Entering directory '/home/sneha/scarab/src/build/opt/CMakeFiles/CMakeTmp'
Building C object CMakeFiles/cmTC_a6524.dir/CMakeCCompilerABI.c.o
/usr/bin/gcc   -v -o CMakeFiles/cmTC_a6524.dir/CMakeCCompilerABI.c.o   -c /usr/share/cmake-3.16/Modules/CMakeCCompilerABI.c
Using built-in specs.
COLLECT_GCC=/usr/bin/gcc
OFFLOAD_TARGET_NAMES=nvptx-none:hsa
OFFLOAD_TARGET_DEFAULT=1
Target: x86_64-linux-gnu
Configured with: ../src/configure -v --with-pkgversion='Ubuntu 9.4.0-1ubuntu1~20.04.2' --with-bugurl=file:///usr/share/doc/gcc-9/README.Bugs --enable-languages=c,ada,c++,go,brig,d,fortran,objc,obj-c++,gm2 --prefix=/usr --with-gcc-major-version-only --program-suffix=-9 --program-prefix=x86_64-linux-gnu- --enable-shared --enable-linker-build-id --libexecdir=/usr/lib --without-included-gettext --enable-threads=posix --libdir=/usr/lib --enable-nls --enable-clocale=gnu --enable-libstdcxx-debug --enable-libstdcxx-time=yes --with-default-libstdcxx-abi=new --enable-gnu-unique-object --disable-vtable-verify --enable-plugin --enable-default-pie --with-system-zlib --with-target-system-zlib=auto --enable-objc-gc=auto --enable-multiarch --disable-werror --with-arch-32=i686 --with-abi=m64 --with-multilib-list=m32,m64,mx32 --enable-multilib --with-tune=generic --enable-offload-targets=nvptx-none=/build/gcc-9-9QDOt0/gcc-9-9.4.0/debian/tmp-nvptx/usr,hsa --without-cuda-driver --enable-checking=release --build=x86_64-linux-gnu --host=x86_64-linux-gnu --target=x86_64-linux-gnu
Thread model: posix
gcc version 9.4.0 (Ubuntu 9.4.0-1ubuntu1~20.04.2) 
COLLECT_GCC_OPTIONS='-v' '-o' 'CMakeFiles/cmTC_a6524.dir/CMakeCCompilerABI.c.o' '-c' '-mtune=generic' '-march=x86-64'
 /usr/lib/gcc/x86_64-linux-gnu/9/cc1 -quiet -v -imultiarch x86_64-linux-gnu /usr/share/cmake-3.16/Modules/CMakeCCompilerABI.c -quiet -dumpbase CMakeCCompilerABI.c -mtune=generic -march=x86-64 -auxbase-strip CMakeFiles/cmTC_a6524.dir/CMakeCCompilerABI.c.o -version -fasynchronous-unwind-tables -fstack-protector-strong -Wformat -Wformat-security -fstack-clash-protection -fcf-protection -o /tmp/ccQDx4xf.s
GNU C17 (Ubuntu 9.4.0-1ubuntu1~20.04.2) version 9.4.0 (x86_64-linux-gnu)
	compiled by GNU C version 9.4.0, GMP version 6.2.0, MPFR version 4.0.2, MPC version 1.1.0, isl version isl-0.22.1-GMP

GGC heuristics: --param ggc-min-expand=100 --param ggc-min-heapsize=131072
ignoring nonexistent directory "/usr/local/include/x86_64-linux-gnu"
ignoring nonexistent directory "/usr/lib/gcc/x86_64-linux-gnu/9/include-fixed"
ignoring nonexistent directory "/usr/lib/gcc/x86_64-linux-gnu/9/../../../../x86_64-linux-gnu/include"
#include "..." search starts here:
#include <...> search starts here:
 /usr/lib/gcc/x86_64-linux-gnu/9/include
 /usr/local/include
 /usr/include/x86_64-linux-gnu
 /usr/include
End of search list.
GNU C17 (Ubuntu 9.4.0-1ubuntu1~20.04.2) version 9.4.0 (x86_64-linux-gnu)
	compiled by GNU C version 9.4.0, GMP version 6.2.0, MPFR version 4.0.2, MPC version 1.1.0, isl version isl-0.22.1-GMP

GGC heuristics: --param ggc-min-expand=100 --param ggc-min-heapsize=131072
Compiler executable checksum: 01da938ff5dc2163489aa33cb3b747a7
COLLECT_GCC_OPTIONS='-v' '-o' 'CMakeFiles/cmTC_a6524.dir/CMakeCCompilerABI.c.o' '-c' '-mtune=generic' '-march=x86-64'
 as -v --64 -o CMakeFiles/cmTC_a6524.dir/CMakeCCompilerABI.c.o /tmp/ccQDx4xf.s
GNU assembler version 2.34 (x86_64-linux-gnu) using BFD version (GNU Binutils for Ubuntu) 2.34
COMPILER_PATH=/usr/lib/gcc/x86_64-linux-gnu/9/:/usr/lib/gcc/x86_64-linux-gnu/9/:/usr/lib/gcc/x86_64-linux-gnu/:/usr/lib/gcc/x86_64-linux-gnu/9/:/usr/lib/gcc/x86_64-linux-gnu/
LIBRARY_PATH=/usr/lib/gcc/x86_64-linux-gnu/9/:/usr/lib/gcc/x86_64-linux-gnu/9/../../../x86_64-linux-gnu/:/usr/lib/gcc/x86_64-linux-gnu/9/../../../../lib/:/lib/x86_64-linux-gnu/:/lib/../lib/:/usr/lib/x86_64-linux-gnu/:/usr/lib/../lib/:/usr/lib/gcc/x86_64-linux-gnu/9/../../../:/lib/:/usr/lib/
COLLECT_GCC_OPTIONS='-v' '-o' 'CMakeFiles/cmTC_a6524.dir/CMakeCCompilerABI.c.o' '-c' '-mtune=generic' '-march=x86-64'
Linking C executable cmTC_a6524
/usr/bin/cmake -E cmake_link_script CMakeFiles/cmTC_a6524.dir/link.txt --verbose=1
/usr/bin/gcc     -v CMakeFiles/cmTC_a6524.dir/CMakeCCompilerABI.c.o  -o cmTC_a6524 
Using built-in specs.
COLLECT_GCC=/usr/bin/gcc
COLLECT_LTO_WRAPPER=/usr/lib/gcc/x86_64-linux-gnu/9/lto-wrapper
OFFLOAD_TARGET_NAMES=nvptx-none:hsa
OFFLOAD_TARGET_DEFAULT=1
Target: x86_64-linux-gnu
Configured with: ../src/configure -v --with-pkgversion='Ubuntu 9.4.0-1ubuntu1~20.04.2' --with-bugurl=file:///usr/share/doc/gcc-9/README.Bugs --enable-languages=c,ada,c++,go,brig,d,fortran,objc,obj-c++,gm2 --prefix=/usr --with-gcc-major-version-only --program-suffix=-9 --program-prefix=x86_64-linux-gnu- --enable-shared --enable-linker-build-id --libexecdir=/usr/lib --without-included-gettext --enable-threads=posix --libdir=/usr/lib --enable-nls --enable-clocale=gnu --enable-libstdcxx-debug --enable-libstdcxx-time=yes --with-default-libstdcxx-abi=new --enable-gnu-unique-object --disable-vtable-verify --enable-plugin --enable-default-pie --with-system-zlib --with-target-system-zlib=auto --enable-objc-gc=auto --enable-multiarch --disable-werror --with-arch-32=i686 --with-abi=m64 --with-multilib-list=m32,m64,mx32 --enable-multilib --with-tune=generic --enable-offload-targets=nvptx-none=/build/gcc-9-9QDOt0/gcc-9-9.4.0/debian/tmp-nvptx/usr,hsa --without-cuda-driver --enable-checking=release --build=x86_64-linux-gnu --host=x86_64-linux-gnu --target=x86_64-linux-gnu
Thread model: posix
gcc version 9.4.0 (Ubuntu 9.4.0-1ubuntu1~20.04.2) 
COMPILER_PATH=/usr/lib/gcc/x86_64-linux-gnu/9/:/usr/lib/gcc/x86_64-linux-gnu/9/:/usr/lib/gcc/x86_64-linux-gnu/:/usr/lib/gcc/x86_64-linux-gnu/9/:/usr/lib/gcc/x86_64-linux-gnu/
LIBRARY_PATH=/usr/lib/gcc/x86_64-linux-gnu/9/:/usr/lib/gcc/x86_64-linux-gnu/9/../../../x86_64-linux-gnu/:/usr/lib/gcc/x86_64-linux-gnu/9/../../../../lib/:/lib/x86_64-linux-gnu/:/lib/../lib/:/usr/lib/x86_64-linux-gnu/:/usr/lib/../lib/:/usr/lib/gcc/x86_64-linux-gnu/9/../../../:/lib/:/usr/lib/
COLLECT_GCC_OPTIONS='-v' '-o' 'cmTC_a6524' '-mtune=generic' '-march=x86-64'
 /usr/lib/gcc/x86_64-linux-gnu/9/collect2 -plugin /usr/lib/gcc/x86_64-linux-gnu/9/liblto_plugin.so -plugin-opt=/usr/lib/gcc/x86_64-linux-gnu/9/lto-wrapper -plugin-opt=-fresolution=/tmp/ccC1SytG.res -plugin-opt=-pass-through=-lgcc -plugin-opt=-pass-through=-lgcc_s -plugin-opt=-pass-through=-lc -plugin-opt=-pass-through=-lgcc -plugin-opt=-pass-through=-lgcc_s --build-id --eh-frame-hdr -m elf_x86_64 --hash-style=gnu --as-needed -dynamic-linker /lib64/ld-linux-x86-64.so.2 -pie -z now -z relro -o cmTC_a6524 /usr/lib/gcc/x86_64-linux-gnu/9/../../../x86_64-linux-gnu/Scrt1.o /usr/lib/gcc/x86_64-linux-gnu/9/../../../x86_64-linux-gnu/crti.o /usr/lib/gcc/x86_64-linux-gnu/9/crtbeginS.o -L/usr/lib/gcc/x86_64-linux-gnu/9 -L/usr/lib/gcc/x86_64-linux-gnu/9/../../../x86_64-linux-gnu -L/usr/lib/gcc/x86_64-linux-gnu/9/../../../../lib -L/lib/x86_64-linux-gnu -L/lib/../lib -L/usr/lib/x86_64-linux-gnu -L/usr/lib/../lib -L/usr/lib/gcc/x86_64-linux-gnu/9/../../.. CMakeFiles/cmTC_a6524.dir/CMakeCCompilerABI.c.o -lgcc --push-state --as-needed -lgcc_s --pop-state -lc -lgcc --push-state --as-needed -lgcc_s --pop-state /usr/lib/gcc/x86_64-linux-gnu/9/crtendS.o /usr/lib/gcc/x86_64-linux-gnu/9/../../../x86_64-linux-gnu/crtn.o
COLLECT_GCC_OPTIONS='-v' '-o' 'cmTC_a6524' '-mtune=generic' '-march=x86-64'
make[2]: Leaving directory '/home/sneha/scarab/src/build/opt/CMakeFiles/CMakeTmp'
make[1]: Leaving directory '/home/sneha/scarab/src/build/opt/CMakeFiles/CMakeTmp'



Parsed C implicit include dir info from above output: rv=done
  found start of include info
  found start of implicit include info
    add: [/usr/lib/gcc/x86_64-linux-gnu/9/include]
    add: [/usr/local/include]
    add: [/usr/include/x86_64-linux-gnu]
    add: [/usr/include]
  end of search list found
  collapse include dir [/usr/lib/gcc/x86_64-linux-gnu/9/include] ==> [/usr/lib/gcc/x86_64-linux-gnu/9/include]
  collapse include dir [/usr/local/include] ==> [/usr/local/include]
  collapse include dir [/usr/include/x86_64-linux-gnu] ==> [/usr/include/x86_64-linux-gnu]
  collapse include dir [/usr/include] ==> [/usr/include]
  implicit include dirs: [/usr/lib/gcc/x86_64-linux-gnu/9/include;/usr/local/include;/usr/include/x86_64-linux-gnu;/usr/include]


Parsed C implicit link information from above output:
  link line regex: [^( *|.*[/\])(ld|CMAKE_LINK_STARTFILE-NOTFOUND|([^/\]+-)?ld|collect2)[^/\]*( |$)]
  ignore line: [Change Dir: /home/sneha/scarab/src/build/opt/CMakeFiles/CMakeTmp]
  ignore line: []
  ignore line: [Run Build Command(s):/usr/bin/make cmTC_a6524/fast && make[1]: Entering directory '/home/sneha/scarab/src/build/opt/CMakeFiles/CMakeTmp']
  ignore line: [/usr/bin/make -f CMakeFiles/cmTC_a6524.dir/build.make CMakeFiles/cmTC_a6524.dir/build]
  ignore line: [make[2]: Entering directory '/home/sneha/scarab/src/build/opt/CMakeFiles/CMakeTmp']
  ignore line: [Building C object CMakeFiles/cmTC_a6524.dir/CMakeCCompilerABI.c.o]
  ignore line: [/usr/bin/gcc   -v -o CMakeFiles/cmTC_a6524.dir/CMakeCCompilerABI.c.o   -c /usr/share/cmake-3.16/Modules/CMakeCCompilerABI.c]
  ignore line: [Using built-in specs.]
  ignore line: [COLLECT_GCC=/usr/bin/gcc]
  ignore line: [OFFLOAD_TARGET_NAMES=nvptx-none:hsa]
  ignore line: [OFFLOAD_TARGET_DEFAULT=1]
  ignore line: [Target: x86_64-linux-gnu]
  ignore line: [Configured with: ../src/configure -v --with-pkgversion='Ubuntu 9.4.0-1ubuntu1~20.04.2' --with-bugurl=file:///usr/share/doc/gcc-9/README.Bugs --enable-languages=c ada c++ go brig d fortran objc obj-c++ gm2 --prefix=/usr --with-gcc-major-version-only --program-suffix=-9 --program-prefix=x86_64-linux-gnu- --enable-shared --enable-linker-build-id --libexecdir=/usr/lib --without-included-gettext --enable-threads=posix --libdir=/usr/lib --enable-nls --enable-clocale=gnu --enable-libstdcxx-debug --enable-libstdcxx-time=yes --with-default-libstdcxx-abi=new --enable-gnu-unique-object --disable-vtable-verify --enable-plugin --enable-default-pie --with-system-zlib --with-target-system-zlib=auto --enable-objc-gc=auto --enable-multiarch --disable-werror --with-arch-32=i686 --with-abi=m64 --with-multilib-list=m32 m64 mx32 --enable-multilib --with-tune=generic --enable-offload-targets=nvptx-none=/build/gcc-9-9QDOt0/gcc-9-9.4.0/debian/tmp-nvptx/usr hsa --without-cuda-driver --enable-checking=release --build=x86_64-linux-gnu --host=x86_64-linux-gnu --target=x86_64-linux-gnu]
  ignore line: [Thread model: posix]
  ignore line: [gcc version 9.4.0 (Ubuntu 9.4.0-1ubuntu1~20.04.2) ]
  ignore line: [COLLECT_GCC_OPTIONS='-v' '-o' 'CMakeFiles/cmTC_a6524.dir/CMakeCCompilerABI.c.o' '-c' '-mtune=generic' '-march=x86-64']
  ignore line: [ /usr/lib/gcc/x86_64-linux-gnu/9/cc1 -quiet -v -imultiarch x86_64-linux-gnu /usr/share/cmake-3.16/Modules/CMakeCCompilerABI.c -quiet -dumpbase CMakeCCompilerABI.c -mtune=generic -march=x86-64 -auxbase-strip CMakeFiles/cmTC_a6524.dir/CMakeCCompilerABI.c.o -version -fasynchronous-unwind-tables -fstack-protector-strong -Wformat -Wformat-security -fstack-clash-protection -fcf-protection -o /tmp/ccQDx4xf.s]
  ignore line: [GNU C17 (Ubuntu 9.4.0-1ubuntu1~20.04.2) version 9.4.0 (x86_64-linux-gnu)]
  ignore line: [	compiled by GNU C version 9.4.0  GMP version 6.2.0  MPFR version 4.0.2  MPC version 1.1.0  isl version isl-0.22.1-GMP]
  ignore line: []
  ignore line: [GGC heuristics: --param ggc-min-expand=100 --param ggc-min-heapsize=131072]
  ignore line: [ignoring nonexistent directory "/usr/local/include/x86_64-linux-gnu"]
  ignore line: [ignoring nonexistent directory "/usr/lib/gcc/x86_64-linux-gnu/9/include-fixed"]
  ignore line: [ignoring nonexistent directory "/usr/lib/gcc/x86_64-linux-gnu/9/../../../../x86_64-linux-gnu/include"]
  ignore line: [#include "..." search starts here:]
  ignore line: [#include <...> search starts here:]
  ignore line: [ /usr/lib/gcc/x86_64-linux-gnu/9/include]
  ignore line: [ /usr/local/include]
  ignore line: [ /usr/include/x86_64-linux-gnu]
  ignore line: [ /usr/include]
  ignore line: [End of search list.]
  ignore line: [GNU C17 (Ubuntu 9.4.0-1ubuntu1~20.04.2) version 9.4.0 (x86_64-linux-gnu)]
  ignore line: [	compiled by GNU C version 9.4.0  GMP version 6.2.0  MPFR version 4.0.2  MPC version 1.1.0  isl version isl-0.22.1-GMP]
  ignore line: []
  ignore line: [GGC heuristics: --param ggc-min-expand=100 --param ggc-min-heapsize=131072]
  ignore line: [Compiler executable checksum: 01da938ff5dc2163489aa33cb3b747a7]
  ignore line: [COLLECT_GCC_OPTIONS='-v' '-o' 'CMakeFiles/cmTC_a6524.dir/CMakeCCompilerABI.c.o' '-c' '-mtune=generic' '-march=x86-64']
  ignore line: [ as -v --64 -o CMakeFiles/cmTC_a6524.dir/CMakeCCompilerABI.c.o /tmp/ccQDx4xf.s]
  ignore line: [GNU assembler version 2.34 (x86_64-linux-gnu) using BFD version (GNU Binutils for Ubuntu) 2.34]
  ignore line: [COMPILER_PATH=/usr/lib/gcc/x86_64-linux-gnu/9/:/usr/lib/gcc/x86_64-linux-gnu/9/:/usr/lib/gcc/x86_64-linux-gnu/:/usr/lib/gcc/x86_64-linux-gnu/9/:/usr/lib/gcc/x86_64-linux-gnu/]
  ignore line: [LIBRARY_PATH=/usr/lib/gcc/x86_64-linux-gnu/9/:/usr/lib/gcc/x86_64-linux-gnu/9/../../../x86_64-linux-gnu/:/usr/lib/gcc/x86_64-linux-gnu/9/../../../../lib/:/lib/x86_64-linux-gnu/:/lib/../lib/:/usr/lib/x86_64-linux-gnu/:/usr/lib/../lib/:/usr/lib/gcc/x86_64-linux-gnu/9/../../../:/lib/:/usr/lib/]
  ignore line: [COLLECT_GCC_OPTIONS='-v' '-o' 'CMakeFiles/cmTC_a6524.dir/CMakeCCompilerABI.c.o' '-c' '-mtune=generic' '-march=x86-64']
  ignore line: [Linking C executable cmTC_a6524]
  ignore line: [/usr/bin/cmake -E cmake_link_script CMakeFiles/cmTC_a6524.dir/link.txt --verbose=1]
  ignore line: [/usr/bin/gcc     -v CMakeFiles/cmTC_a6524.dir/CMakeCCompilerABI.c.o  -o cmTC_a6524 ]
  ignore line: [Using built-in specs.]
  ignore line: [COLLECT_GCC=/usr/bin/gcc]
  ignore line: [COLLECT_LTO_WRAPPER=/usr/lib/gcc/x86_64-linux-gnu/9/lto-wrapper]
  ignore line: [OFFLOAD_TARGET_NAMES=nvptx-none:hsa]
  ignore line: [OFFLOAD_TARGET_DEFAULT=1]
  ignore line: [Target: x86_64-linux-gnu]
  ignore line: [Configured with: ../src/configure -v --with-pkgversion='Ubuntu 9.4.0-1ubuntu1~20.04.2' --with-bugurl=file:///usr/share/doc/gcc-9/README.Bugs --enable-languages=c ada c++ go brig d fortran objc obj-c++ gm2 --prefix=/usr --with-gcc-major-version-only --program-suffix=-9 --program-prefix=x86_64-linux-gnu- --enable-shared --enable-linker-build-id --libexecdir=/usr/lib --without-included-gettext --enable-threads=posix --libdir=/usr/lib --enable-nls --enable-clocale=gnu --enable-libstdcxx-debug --enable-libstdcxx-time=yes --with-default-libstdcxx-abi=new --enable-gnu-unique-object --disable-vtable-verify --enable-plugin --enable-default-pie --with-system-zlib --with-target-system-zlib=auto --enable-objc-gc=auto --enable-multiarch --disable-werror --with-arch-32=i686 --with-abi=m64 --with-multilib-list=m32 m64 mx32 --enable-multilib --with-tune=generic --enable-offload-targets=nvptx-none=/build/gcc-9-9QDOt0/gcc-9-9.4.0/debian/tmp-nvptx/usr hsa --without-cuda-driver --enable-checking=release --build=x86_64-linux-gnu --host=x86_64-linux-gnu --target=x86_64-linux-gnu]
  ignore line: [Thread model: posix]
  ignore line: [gcc version 9.4.0 (Ubuntu 9.4.0-1ubuntu1~20.04.2) ]
  ignore line: [COMPILER_PATH=/usr/lib/gcc/x86_64-linux-gnu/9/:/usr/lib/gcc/x86_64-linux-gnu/9/:/usr/lib/gcc/x86_64-linux-gnu/:/usr/lib/gcc/x86_64-linux-gnu/9/:/usr/lib/gcc/x86_64-linux-gnu/]
  ignore line: [LIBRARY_PATH=/usr/lib/gcc/x86_64-linux-gnu/9/:/usr/lib/gcc/x86_64-linux-gnu/9/../../../x86_64-linux-gnu/:/usr/lib/gcc/x86_64-linux-gnu/9/../../../../lib/:/lib/x86_64-linux-gnu/:/lib/../lib/:/usr/lib/x86_64-linux-gnu/:/usr/lib/../lib/:/usr/lib/gcc/x86_64-linux-gnu/9/../../../:/lib/:/usr/lib/]
  ignore line: [COLLECT_GCC_OPTIONS='-v' '-o' 'cmTC_a6524' '-mtune=generic' '-march=x86-64']
  link line: [ /usr/lib/gcc/x86_64-linux-gnu/9/collect2 -plugin /usr/lib/gcc/x86_64-linux-gnu/9/liblto_plugin.so -plugin-opt=/usr/lib/gcc/x86_64-linux-gnu/9/lto-wrapper -plugin-opt=-fresolution=/tmp/ccC1SytG.res -plugin-opt=-pass-through=-lgcc -plugin-opt=-pass-through=-lgcc_s -plugin-opt=-pass-through=-lc -plugin-opt=-pass-through=-lgcc -plugin-opt=-pass-through=-lgcc_s --build-id --eh-frame-hdr -m elf_x86_64 --hash-style=gnu --as-needed -dynamic-linker /lib64/ld-linux-x86-64.so.2 -pie -z now -z relro -o cmTC_a6524 /usr/lib/gcc/x86_64-linux-gnu/9/../../../x86_64-linux-gnu/Scrt1.o /usr/lib/gcc/x86_64-linux-gnu/9/../../../x86_64-linux-gnu/crti.o /usr/lib/gcc/x86_64-linux-gnu/9/crtbeginS.o -L/usr/lib/gcc/x86_64-linux-gnu/9 -L/usr/lib/gcc/x86_64-linux-gnu/9/../../../x86_64-linux-gnu -L/usr/lib/gcc/x86_64-linux-gnu/9/../../../../lib -L/lib/x86_64-linux-gnu -L/lib/../lib -L/usr/lib/x86_64-linux-gnu -L/usr/lib/../lib -L/usr/lib/gcc/x86_64-linux-gnu/9/../../.. CMakeFiles/cmTC_a6524.dir/CMakeCCompilerABI.c.o -lgcc --push-state --as-needed -lgcc_s --pop-state -lc -lgcc --push-state --as-needed -lgcc_s --pop-state /usr/lib/gcc/x86_64-linux-gnu/9/crtendS.o /usr/lib/gcc/x86_64-linux-gnu/9/../../../x86_64-linux-gnu/crtn.o]
    arg [/usr/lib/gcc/x86_64-linux-gnu/9/collect2] ==> ignore
    arg [-plugin] ==> ignore
    arg [/usr/lib/gcc/x86_64-linux-gnu/9/liblto_plugin.so] ==> ignore
    arg [-plugin-opt=/usr/lib/gcc/x86_64-linux-gnu/9/lto-wrapper] ==> ignore
    arg [-plugin-opt=-fresolution=/tmp/ccC1SytG.res] ==> ignore
    arg [-plugin-opt=-pass-through=-lgcc] ==> ignore
    arg [-plugin-opt=-pass-through=-lgcc_s] ==> ignore
    arg [-plugin-opt=-pass-through=-lc] ==> ignore
    arg [-plugin-opt=-pass-through=-lgcc] ==> ignore
    arg [-plugin-opt=-pass-through=-lgcc_s] ==> ignore
    arg [--build-id] ==> ignore
    arg [--eh-frame-hdr] ==> ignore
    arg [-m] ==> ignore
    arg [elf_x86_64] ==> ignore
    arg [--hash-style=gnu] ==> ignore
    arg [--as-needed] ==> ignore
    arg [-dynamic-linker] ==> ignore
    arg [/lib64/ld-linux-x86-64.so.2] ==> ignore
    arg [-pie] ==> ignore
    arg [-znow] ==> ignore
    arg [-zrelro] ==> ignore
    arg [-o] ==> ignore
    arg [cmTC_a6524] ==> ignore
    arg [/usr/lib/gcc/x86_64-linux-gnu/9/../../../x86_64-linux-gnu/Scrt1.o] ==> ignore
    arg [/usr/lib/gcc/x86_64-linux-gnu/9/../../../x86_64-linux-gnu/crti.o] ==> ignore
    arg [/usr/lib/gcc/x86_64-linux-gnu/9/crtbeginS.o] ==> ignore
    arg [-L/usr/lib/gcc/x86_64-linux-gnu/9] ==> dir [/usr/lib/gcc/x86_64-linux-gnu/9]
    arg [-L/usr/lib/gcc/x86_64-linux-gnu/9/../../../x86_64-linux-gnu] ==> dir [/usr/lib/gcc/x86_64-linux-gnu/9/../../../x86_64-linux-gnu]
    arg [-L/usr/lib/gcc/x86_64-linux-gnu/9/../../../../lib] ==> dir [/usr/lib/gcc/x86_64-linux-gnu/9/../../../../lib]
    arg [-L/lib/x86_64-linux-gnu] ==> dir [/lib/x86_64-linux-gnu]
    arg [-L/lib/../lib] ==> dir [/lib/../lib]
    arg [-L/usr/lib/x86_64-linux-gnu] ==> dir [/usr/lib/x86_64-linux-gnu]
    arg [-L/usr/lib/../lib] ==> dir [/usr/lib/../lib]
    arg [-L/usr/lib/gcc/x86_64-linux-gnu/9/../../..] ==> dir [/usr/lib/gcc/x86_64-linux-gnu/9/../../..]
    arg [CMakeFiles/cmTC_a6524.dir/CMakeCCompilerABI.c.o] ==> ignore
    arg [-lgcc] ==> lib [gcc]
    arg [--push-state] ==> ignore
    arg [--as-needed] ==> ignore
    arg [-lgcc_s] ==> lib [gcc_s]
    arg [--pop-state] ==> ignore
    arg [-lc] ==> lib [c]
    arg [-lgcc] ==> lib [gcc]
    arg [--push-state] ==> ignore
    arg [--as-needed] ==> ignore
    arg [-lgcc_s] ==> lib [gcc_s]
    arg [--pop-state] ==> ignore
    arg [/usr/lib/gcc/x86_64-linux-gnu/9/crtendS.o] ==> ignore
    arg [/usr/lib/gcc/x86_64-linux-gnu/9/../../../x86_64-linux-gnu/crtn.o] ==> ignore
  collapse library dir [/usr/lib/gcc/x86_64-linux-gnu/9] ==> [/usr/lib/gcc/x86_64-linux-gnu/9]
  collapse library dir [/usr/lib/gcc/x86_64-linux-gnu/9/../../../x86_64-linux-gnu] ==> [/usr/lib/x86_64-linux-gnu]
  collapse library dir [/usr/lib/gcc/x86_64-linux-gnu/9/../../../../lib] ==> [/usr/lib]
  collapse library dir [/lib/x86_64-linux-gnu] ==> [/lib/x86_64-linux-gnu]
  collapse library dir [/lib/../lib] ==> [/lib]
  collapse library dir [/usr/lib/x86_64-linux-gnu] ==> [/usr/lib/x86_64-linux-gnu]
  collapse library dir [/usr/lib/../lib] ==> [/usr/lib]
  collapse library dir [/usr/lib/gcc/x86_64-linux-gnu/9/../../..] ==> [/usr/lib]
  implicit libs: [gcc;gcc_s;c;gcc;gcc_s]
  implicit dirs: [/usr/lib/gcc/x86_64-linux-gnu/9;/usr/lib/x86_64-linux-gnu;/usr/lib;/lib/x86_64-linux-gnu;/lib]
  implicit fwks: []


Determining if the CXX compiler works passed with the following output:
Change Dir: /home/sneha/scarab/src/build/opt/CMakeFiles/CMakeTmp

Run Build Command(s):/usr/bin/make cmTC_0bc94/fast && make[1]: Entering directory '/home/sneha/scarab/src/build/opt/CMakeFiles/CMakeTmp'
/usr/bin/make -f CMakeFiles/cmTC_0bc94.dir/build.make CMakeFiles/cmTC_0bc94.dir/build
make[2]: Entering directory '/home/sneha/scarab/src/build/opt/CMakeFiles/CMakeTmp'
Building CXX object CMakeFiles/cmTC_0bc94.dir/testCXXCompiler.cxx.o
/usr/bin/g++     -o CMakeFiles/cmTC_0bc94.dir/testCXXCompiler.cxx.o -c /home/sneha/scarab/src/build/opt/CMakeFiles/CMakeTmp/testCXXCompiler.cxx
Linking CXX executable cmTC_0bc94
/usr/bin/cmake -E cmake_link_script CMakeFiles/cmTC_0bc94.dir/link.txt --verbose=1
/usr/bin/g++       CMakeFiles/cmTC_0bc94.dir/testCXXCompiler.cxx.o  -o cmTC_0bc94 
make[2]: Leaving directory '/home/sneha/scarab/src/build/opt/CMakeFiles/CMakeTmp'
make[1]: Leaving directory '/home/sneha/scarab/src/build/opt/CMakeFiles/CMakeTmp'



Detecting CXX compiler ABI info compiled with the following output:
Change Dir: /home/sneha/scarab/src/build/opt/CMakeFiles/CMakeTmp

Run Build Command(s):/usr/bin/make cmTC_002e1/fast && make[1]: Entering directory '/home/sneha/scarab/src/build/opt/CMakeFiles/CMakeTmp'
/usr/bin/make -f CMakeFiles/cmTC_002e1.dir/build.make CMakeFiles/cmTC_002e1.dir/build
make[2]: Entering directory '/home/sneha/scarab/src/build/opt/CMakeFiles/CMakeTmp'
Building CXX object CMakeFiles/cmTC_002e1.dir/CMakeCXXCompilerABI.cpp.o
/usr/bin/g++    -v -o CMakeFiles/cmTC_002e1.dir/CMakeCXXCompilerABI.cpp.o -c /usr/share/cmake-3.16/Modules/CMakeCXXCompilerABI.cpp
Using built-in specs.
COLLECT_GCC=/usr/bin/g++
OFFLOAD_TARGET_NAMES=nvptx-none:hsa
OFFLOAD_TARGET_DEFAULT=1
Target: x86_64-linux-gnu
Configured with: ../src/configure -v --with-pkgversion='Ubuntu 9.4.0-1ubuntu1~20.04.2' --with-bugurl=file:///usr/share/doc/gcc-9/README.Bugs --enable-languages=c,ada,c++,go,brig,d,fortran,objc,obj-c++,gm2 --prefix=/usr --with-gcc-major-version-only --program-suffix=-9 --program-prefix=x86_64-linux-gnu- --enable-shared --enable-linker-build-id --libexecdir=/usr/lib --without-included-gettext --enable-threads=posix --libdir=/usr/lib --enable-nls --enable-clocale=gnu --enable-libstdcxx-debug --enable-libstdcxx-time=yes --with-default-libstdcxx-abi=new --enable-gnu-unique-object --disable-vtable-verify --enable-plugin --enable-default-pie --with-system-zlib --with-target-system-zlib=auto --enable-objc-gc=auto --enable-multiarch --disable-werror --with-arch-32=i686 --with-abi=m64 --with-multilib-list=m32,m64,mx32 --enable-multilib --with-tune=generic --enable-offload-targets=nvptx-none=/build/gcc-9-9QDOt0/gcc-9-9.4.0/debian/tmp-nvptx/usr,hsa --without-cuda-driver --enable-checking=release --build=x86_64-linux-gnu --host=x86_64-linux-gnu --target=x86_64-linux-gnu
Thread model: posix
gcc version 9.4.0 (Ubuntu 9.4.0-1ubuntu1~20.04.2) 
COLLECT_GCC_OPTIONS='-v' '-o' 'CMakeFiles/cmTC_002e1.dir/CMakeCXXCompilerABI.cpp.o' '-c' '-shared-libgcc' '-mtune=generic' '-march=x86-64'
 /usr/lib/gcc/x86_64-linux-gnu/9/cc1plus -quiet -v -imultiarch x86_64-linux-gnu -D_GNU_SOURCE /usr/share/cmake-3.16/Modules/CMakeCXXCompilerABI.cpp -quiet -dumpbase CMakeCXXCompilerABI.cpp -mtune=generic -march=x86-64 -auxbase-strip CMakeFiles/cmTC_002e1.dir/CMakeCXXCompilerABI.cpp.o -version -fasynchronous-unwind-tables -fstack-protector-strong -Wformat -Wformat-security -fstack-clash-protection -fcf-protection -o /tmp/ccn7yBoc.s
GNU C++14 (Ubuntu 9.4.0-1ubuntu1~20.04.2) version 9.4.0 (x86_64-linux-gnu)
	compiled by GNU C version 9.4.0, GMP version 6.2.0, MPFR version 4.0.2, MPC version 1.1.0, isl version isl-0.22.1-GMP

GGC heuristics: --param ggc-min-expand=100 --param ggc-min-heapsize=131072
ignoring duplicate directory "/usr/include/x86_64-linux-gnu/c++/9"
ignoring nonexistent directory "/usr/local/include/x86_64-linux-gnu"
ignoring nonexistent directory "/usr/lib/gcc/x86_64-linux-gnu/9/include-fixed"
ignoring nonexistent directory "/usr/lib/gcc/x86_64-linux-gnu/9/../../../../x86_64-linux-gnu/include"
#include "..." search starts here:
#include <...> search starts here:
 /usr/include/c++/9
 /usr/include/x86_64-linux-gnu/c++/9
 /usr/include/c++/9/backward
 /usr/lib/gcc/x86_64-linux-gnu/9/include
 /usr/local/include
 /usr/include/x86_64-linux-gnu
 /usr/include
End of search list.
GNU C++14 (Ubuntu 9.4.0-1ubuntu1~20.04.2) version 9.4.0 (x86_64-linux-gnu)
	compiled by GNU C version 9.4.0, GMP version 6.2.0, MPFR version 4.0.2, MPC version 1.1.0, isl version isl-0.22.1-GMP

GGC heuristics: --param ggc-min-expand=100 --param ggc-min-heapsize=131072
Compiler executable checksum: 3d1eba838554fa2348dba760e4770469
COLLECT_GCC_OPTIONS='-v' '-o' 'CMakeFiles/cmTC_002e1.dir/CMakeCXXCompilerABI.cpp.o' '-c' '-shared-libgcc' '-mtune=generic' '-march=x86-64'
 as -v --64 -o CMakeFiles/cmTC_002e1.dir/CMakeCXXCompilerABI.cpp.o /tmp/ccn7yBoc.s
GNU assembler version 2.34 (x86_64-linux-gnu) using BFD version (GNU Binutils for Ubuntu) 2.34
COMPILER_PATH=/usr/lib/gcc/x86_64-linux-gnu/9/:/usr/lib/gcc/x86_64-linux-gnu/9/:/usr/lib/gcc/x86_64-linux-gnu/:/usr/lib/gcc/x86_64-linux-gnu/9/:/usr/lib/gcc/x86_64-linux-gnu/
LIBRARY_PATH=/usr/lib/gcc/x86_64-linux-gnu/9/:/usr/lib/gcc/x86_64-linux-gnu/9/../../../x86_64-linux-gnu/:/usr/lib/gcc/x86_64-linux-gnu/9/../../../../lib/:/lib/x86_64-linux-gnu/:/lib/../lib/:/usr/lib/x86_64-linux-gnu/:/usr/lib/../lib/:/usr/lib/gcc/x86_64-linux-gnu/9/../../../:/lib/:/usr/lib/
COLLECT_GCC_OPTIONS='-v' '-o' 'CMakeFiles/cmTC_002e1.dir/CMakeCXXCompilerABI.cpp.o' '-c' '-shared-libgcc' '-mtune=generic' '-march=x86-64'
Linking CXX executable cmTC_002e1
/usr/bin/cmake -E cmake_link_script CMakeFiles/cmTC_002e1.dir/link.txt --verbose=1
/usr/bin/g++      -v CMakeFiles/cmTC_002e1.dir/CMakeCXXCompilerABI.cpp.o  -o cmTC_002e1 
Using built-in specs.
COLLECT_GCC=/usr/bin/g++
COLLECT_LTO_WRAPPER=/usr/lib/gcc/x86_64-linux-gnu/9/lto-wrapper
OFFLOAD_TARGET_NAMES=nvptx-none:hsa
OFFLOAD_TARGET_DEFAULT=1
Target: x86_64-linux-gnu
Configured with: ../src/configure -v --with-pkgversion='Ubuntu 9.4.0-1ubuntu1~20.04.2' --with-bugurl=file:///usr/share/doc/gcc-9/README.Bugs --enable-languages=c,ada,c++,go,brig,d,fortran,objc,obj-c++,gm2 --prefix=/usr --with-gcc-major-version-only --program-suffix=-9 --program-prefix=x86_64-linux-gnu- --enable-shared --enable-linker-build-id --libexecdir=/usr/lib --without-included-gettext --enable-threads=posix --libdir=/usr/lib --enable-nls --enable-clocale=gnu --enable-libstdcxx-debug --enable-libstdcxx-time=yes --with-default-libstdcxx-abi=new --enable-gnu-unique-object --disable-vtable-verify --enable-plugin --enable-default-pie --with-system-zlib --with-target-system-zlib=auto --enable-objc-gc=auto --enable-multiarch --disable-werror --with-arch-32=i686 --with-abi=m64 --with-multilib-list=m32,m64,mx32 --enable-multilib --with-tune=generic --enable-offload-targets=nvptx-none=/build/gcc-9-9QDOt0/gcc-9-9.4.0/debian/tmp-nvptx/usr,hsa --without-cuda-driver --enable-checking=release --build=x86_64-linux-gnu --host=x86_64-linux-gnu --target=x86_64-linux-gnu
Thread model: posix
gcc version 9.4.0 (Ubuntu 9.4.0-1ubuntu1~20.04.2) 
COMPILER_PATH=/usr/lib/gcc/x86_64-linux-gnu/9/:/usr/lib/gcc/x86_64-linux-gnu/9/:/usr/lib/gcc/x86_64-linux-gnu/:/usr/lib/gcc/x86_64-linux-gnu/9/:/usr/lib/gcc/x86_64-linux-gnu/
LIBRARY_PATH=/usr/lib/gcc/x86_64-linux-gnu/9/:/usr/lib/gcc/x86_64-linux-gnu/9/../../../x86_64-linux-gnu/:/usr/lib/gcc/x86_64-linux-gnu/9/../../../../lib/:/lib/x86_64-linux-gnu/:/lib/../lib/:/usr/lib/x86_64-linux-gnu/:/usr/lib/../lib/:/usr/lib/gcc/x86_64-linux-gnu/9/../../../:/lib/:/usr/lib/
COLLECT_GCC_OPTIONS='-v' '-o' 'cmTC_002e1' '-shared-libgcc' '-mtune=generic' '-march=x86-64'
 /usr/lib/gcc/x86_64-linux-gnu/9/collect2 -plugin /usr/lib/gcc/x86_64-linux-gnu/9/liblto_plugin.so -plugin-opt=/usr/lib/gcc/x86_64-linux-gnu/9/lto-wrapper -plugin-opt=-fresolution=/tmp/cc0LPk3F.res -plugin-opt=-pass-through=-lgcc_s -plugin-opt=-pass-through=-lgcc -plugin-opt=-pass-through=-lc -plugin-opt=-pass-through=-lgcc_s -plugin-opt=-pass-through=-lgcc --build-id --eh-frame-hdr -m elf_x86_64 --hash-style=gnu --as-needed -dynamic-linker /lib64/ld-linux-x86-64.so.2 -pie -z now -z relro -o cmTC_002e1 /usr/lib/gcc/x86_64-linux-gnu/9/../../../x86_64-linux-gnu/Scrt1.o /usr/lib/gcc/x86_64-linux-gnu/9/../../../x86_64-linux-gnu/crti.o /usr/lib/gcc/x86_64-linux-gnu/9/crtbeginS.o -L/usr/lib/gcc/x86_64-linux-gnu/9 -L/usr/lib/gcc/x86_64-linux-gnu/9/../../../x86_64-linux-gnu -L/usr/lib/gcc/x86_64-linux-gnu/9/../../../../lib -L/lib/x86_64-linux-gnu -L/lib/../lib -L/usr/lib/x86_64-linux-gnu -L/usr/lib/../lib -L/usr/lib/gcc/x86_64-linux-gnu/9/../../.. CMakeFiles/cmTC_002e1.dir/CMakeCXXCompilerABI.cpp.o -lstdc++ -lm -lgcc_s -lgcc -lc -lgcc_s -lgcc /usr/lib/gcc/x86_64-linux-gnu/9/crtendS.o /usr/lib/gcc/x86_64-linux-gnu/9/../../../x86_64-linux-gnu/crtn.o
COLLECT_GCC_OPTIONS='-v' '-o' 'cmTC_002e1' '-shared-libgcc' '-mtune=generic' '-march=x86-64'
make[2]: Leaving directory '/home/sneha/scarab/src/build/opt/CMakeFiles/CMakeTmp'
make[1]: Leaving directory '/home/sneha/scarab/src/build/opt/CMakeFiles/CMakeTmp'



Parsed CXX implicit include dir info from above output: rv=done
  found start of include info
  found start of implicit include info
    add: [/usr/include/c++/9]
    add: [/usr/include/x86_64-linux-gnu/c++/9]
    add: [/usr/include/c++/9/backward]
    add: [/usr/lib/gcc/x86_64-linux-gnu/9/include]
    add: [/usr/local/include]
    add: [/usr/include/x86_64-linux-gnu]
    add: [/usr/include]
  end of search list found
  collapse include dir [/usr/include/c++/9] ==> [/usr/include/c++/9]
  collapse include dir [/usr/include/x86_64-linux-gnu/c++/9] ==> [/usr/include/x86_64-linux-gnu/c++/9]
  collapse include dir [/usr/include/c++/9/backward] ==> [/usr/include/c++/9/backward]
  collapse include dir [/usr/lib/gcc/x86_64-linux-gnu/9/include] ==> [/usr/lib/gcc/x86_64-linux-gnu/9/include]
  collapse include dir [/usr/local/include] ==> [/usr/local/include]
  collapse include dir [/usr/include/x86_64-linux-gnu] ==> [/usr/include/x86_64-linux-gnu]
  collapse include dir [/usr/include] ==> [/usr/include]
  implicit include dirs: [/usr/include/c++/9;/usr/include/x86_64-linux-gnu/c++/9;/usr/include/c++/9/backward;/usr/lib/gcc/x86_64-linux-gnu/9/include;/usr/local/include;/usr/include/x86_64-linux-gnu;/usr/include]


Parsed CXX implicit link information from above output:
  link line regex: [^( *|.*[/\])(ld|CMAKE_LINK_STARTFILE-NOTFOUND|([^/\]+-)?ld|collect2)[^/\]*( |$)]
  ignore line: [Change Dir: /home/sneha/scarab/src/build/opt/CMakeFiles/CMakeTmp]
  ignore line: []
  ignore line: [Run Build Command(s):/usr/bin/make cmTC_002e1/fast && make[1]: Entering directory '/home/sneha/scarab/src/build/opt/CMakeFiles/CMakeTmp']
  ignore line: [/usr/bin/make -f CMakeFiles/cmTC_002e1.dir/build.make CMakeFiles/cmTC_002e1.dir/build]
  ignore line: [make[2]: Entering directory '/home/sneha/scarab/src/build/opt/CMakeFiles/CMakeTmp']
  ignore line: [Building CXX object CMakeFiles/cmTC_002e1.dir/CMakeCXXCompilerABI.cpp.o]
  ignore line: [/usr/bin/g++    -v -o CMakeFiles/cmTC_002e1.dir/CMakeCXXCompilerABI.cpp.o -c /usr/share/cmake-3.16/Modules/CMakeCXXCompilerABI.cpp]
  ignore line: [Using built-in specs.]
  ignore line: [COLLECT_GCC=/usr/bin/g++]
  ignore line: [OFFLOAD_TARGET_NAMES=nvptx-none:hsa]
  ignore line: [OFFLOAD_TARGET_DEFAULT=1]
  ignore line: [Target: x86_64-linux-gnu]
  ignore line: [Configured with: ../src/configure -v --with-pkgversion='Ubuntu 9.4.0-1ubuntu1~20.04.2' --with-bugurl=file:///usr/share/doc/gcc-9/README.Bugs --enable-languages=c ada c++ go brig d fortran objc obj-c++ gm2 --prefix=/usr --with-gcc-major-version-only --program-suffix=-9 --program-prefix=x86_64-linux-gnu- --enable-shared --enable-linker-build-id --libexecdir=/usr/lib --without-included-gettext --enable-threads=posix --libdir=/usr/lib --enable-nls --enable-clocale=gnu --enable-libstdcxx-debug --enable-libstdcxx-time=yes --with-default-libstdcxx-abi=new --enable-gnu-unique-object --disable-vtable-verify --enable-plugin --enable-default-pie --with-system-zlib --with-target-system-zlib=auto --enable-objc-gc=auto --enable-multiarch --disable-werror --with-arch-32=i686 --with-abi=m64 --with-multilib-list=m32 m64 mx32 --enable-multilib --with-tune=generic --enable-offload-targets=nvptx-none=/build/gcc-9-9QDOt0/gcc-9-9.4.0/debian/tmp-nvptx/usr hsa --without-cuda-driver --enable-checking=release --build=x86_64-linux-gnu --host=x86_64-linux-gnu --target=x86_64-linux-gnu]
  ignore line: [Thread model: posix]
  ignore line: [gcc version 9.4.0 (Ubuntu 9.4.0-1ubuntu1~20.04.2) ]
  ignore line: [COLLECT_GCC_OPTIONS='-v' '-o' 'CMakeFiles/cmTC_002e1.dir/CMakeCXXCompilerABI.cpp.o' '-c' '-shared-libgcc' '-mtune=generic' '-march=x86-64']
  ignore line: [ /usr/lib/gcc/x86_64-linux-gnu/9/cc1plus -quiet -v -imultiarch x86_64-linux-gnu -D_GNU_SOURCE /usr/share/cmake-3.16/Modules/CMakeCXXCompilerABI.cpp -quiet -dumpbase CMakeCXXCompilerABI.cpp -mtune=generic -march=x86-64 -auxbase-strip CMakeFiles/cmTC_002e1.dir/CMakeCXXCompilerABI.cpp.o -version -fasynchronous-unwind-tables -fstack-protector-strong -Wformat -Wformat-security -fstack-clash-protection -fcf-protection -o /tmp/ccn7yBoc.s]
  ignore line: [GNU C++14 (Ubuntu 9.4.0-1ubuntu1~20.04.2) version 9.4.0 (x86_64-linux-gnu)]
  ignore line: [	compiled by GNU C version 9.4.0  GMP version 6.2.0  MPFR version 4.0.2  MPC version 1.1.0  isl version isl-0.22.1-GMP]
  ignore line: []
  ignore line: [GGC heuristics: --param ggc-min-expand=100 --param ggc-min-heapsize=131072]
  ignore line: [ignoring duplicate directory "/usr/include/x86_64-linux-gnu/c++/9"]
  ignore line: [ignoring nonexistent directory "/usr/local/include/x86_64-linux-gnu"]
  ignore line: [ignoring nonexistent directory "/usr/lib/gcc/x86_64-linux-gnu/9/include-fixed"]
  ignore line: [ignoring nonexistent directory "/usr/lib/gcc/x86_64-linux-gnu/9/../../../../x86_64-linux-gnu/include"]
  ignore line: [#include "..." search starts here:]
  ignore line: [#include <...> search starts here:]
  ignore line: [ /usr/include/c++/9]
  ignore line: [ /usr/include/x86_64-linux-gnu/c++/9]
  ignore line: [ /usr/include/c++/9/backward]
  ignore line: [ /usr/lib/gcc/x86_64-linux-gnu/9/include]
  ignore line: [ /usr/local/include]
  ignore line: [ /usr/include/x86_64-linux-gnu]
  ignore line: [ /usr/include]
  ignore line: [End of search list.]
  ignore line: [GNU C++14 (Ubuntu 9.4.0-1ubuntu1~20.04.2) version 9.4.0 (x86_64-linux-gnu)]
  ignore line: [	compiled by GNU C version 9.4.0  GMP version 6.2.0  MPFR version 4.0.2  MPC version 1.1.0  isl version isl-0.22.1-GMP]
  ignore line: []
  ignore line: [GGC heuristics: --param ggc-min-expand=100 --param ggc-min-heapsize=131072]
  ignore line: [Compiler executable checksum: 3d1eba838554fa2348dba760e4770469]
  ignore line: [COLLECT_GCC_OPTIONS='-v' '-o' 'CMakeFiles/cmTC_002e1.dir/CMakeCXXCompilerABI.cpp.o' '-c' '-shared-libgcc' '-mtune=generic' '-march=x86-64']
  ignore line: [ as -v --64 -o CMakeFiles/cmTC_002e1.dir/CMakeCXXCompilerABI.cpp.o /tmp/ccn7yBoc.s]
  ignore line: [GNU assembler version 2.34 (x86_64-linux-gnu) using BFD version (GNU Binutils for Ubuntu) 2.34]
  ignore line: [COMPILER_PATH=/usr/lib/gcc/x86_64-linux-gnu/9/:/usr/lib/gcc/x86_64-linux-gnu/9/:/usr/lib/gcc/x86_64-linux-gnu/:/usr/lib/gcc/x86_64-linux-gnu/9/:/usr/lib/gcc/x86_64-linux-gnu/]
  ignore line: [LIBRARY_PATH=/usr/lib/gcc/x86_64-linux-gnu/9/:/usr/lib/gcc/x86_64-linux-gnu/9/../../../x86_64-linux-gnu/:/usr/lib/gcc/x86_64-linux-gnu/9/../../../../lib/:/lib/x86_64-linux-gnu/:/lib/../lib/:/usr/lib/x86_64-linux-gnu/:/usr/lib/../lib/:/usr/lib/gcc/x86_64-linux-gnu/9/../../../:/lib/:/usr/lib/]
  ignore line: [COLLECT_GCC_OPTIONS='-v' '-o' 'CMakeFiles/cmTC_002e1.dir/CMakeCXXCompilerABI.cpp.o' '-c' '-shared-libgcc' '-mtune=generic' '-march=x86-64']
  ignore line: [Linking CXX executable cmTC_002e1]
  ignore line: [/usr/bin/cmake -E cmake_link_script CMakeFiles/cmTC_002e1.dir/link.txt --verbose=1]
  ignore line: [/usr/bin/g++      -v CMakeFiles/cmTC_002e1.dir/CMakeCXXCompilerABI.cpp.o  -o cmTC_002e1 ]
  ignore line: [Using built-in specs.]
  ignore line: [COLLECT_GCC=/usr/bin/g++]
  ignore line: [COLLECT_LTO_WRAPPER=/usr/lib/gcc/x86_64-linux-gnu/9/lto-wrapper]
  ignore line: [OFFLOAD_TARGET_NAMES=nvptx-none:hsa]
  ignore line: [OFFLOAD_TARGET_DEFAULT=1]
  ignore line: [Target: x86_64-linux-gnu]
  ignore line: [Configured with: ../src/configure -v --with-pkgversion='Ubuntu 9.4.0-1ubuntu1~20.04.2' --with-bugurl=file:///usr/share/doc/gcc-9/README.Bugs --enable-languages=c ada c++ go brig d fortran objc obj-c++ gm2 --prefix=/usr --with-gcc-major-version-only --program-suffix=-9 --program-prefix=x86_64-linux-gnu- --enable-shared --enable-linker-build-id --libexecdir=/usr/lib --without-included-gettext --enable-threads=posix --libdir=/usr/lib --enable-nls --enable-clocale=gnu --enable-libstdcxx-debug --enable-libstdcxx-time=yes --with-default-libstdcxx-abi=new --enable-gnu-unique-object --disable-vtable-verify --enable-plugin --enable-default-pie --with-system-zlib --with-target-system-zlib=auto --enable-objc-gc=auto --enable-multiarch --disable-werror --with-arch-32=i686 --with-abi=m64 --with-multilib-list=m32 m64 mx32 --enable-multilib --with-tune=generic --enable-offload-targets=nvptx-none=/build/gcc-9-9QDOt0/gcc-9-9.4.0/debian/tmp-nvptx/usr hsa --without-cuda-driver --enable-checking=release --build=x86_64-linux-gnu --host=x86_64-linux-gnu --target=x86_64-linux-gnu]
  ignore line: [Thread model: posix]
  ignore line: [gcc version 9.4.0 (Ubuntu 9.4.0-1ubuntu1~20.04.2) ]
  ignore line: [COMPILER_PATH=/usr/lib/gcc/x86_64-linux-gnu/9/:/usr/lib/gcc/x86_64-linux-gnu/9/:/usr/lib/gcc/x86_64-linux-gnu/:/usr/lib/gcc/x86_64-linux-gnu/9/:/usr/lib/gcc/x86_64-linux-gnu/]
  ignore line: [LIBRARY_PATH=/usr/lib/gcc/x86_64-linux-gnu/9/:/usr/lib/gcc/x86_64-linux-gnu/9/../../../x86_64-linux-gnu/:/usr/lib/gcc/x86_64-linux-gnu/9/../../../../lib/:/lib/x86_64-linux-gnu/:/lib/../lib/:/usr/lib/x86_64-linux-gnu/:/usr/lib/../lib/:/usr/lib/gcc/x86_64-linux-gnu/9/../../../:/lib/:/usr/lib/]
  ignore line: [COLLECT_GCC_OPTIONS='-v' '-o' 'cmTC_002e1' '-shared-libgcc' '-mtune=generic' '-march=x86-64']
  link line: [ /usr/lib/gcc/x86_64-linux-gnu/9/collect2 -plugin /usr/lib/gcc/x86_64-linux-gnu/9/liblto_plugin.so -plugin-opt=/usr/lib/gcc/x86_64-linux-gnu/9/lto-wrapper -plugin-opt=-fresolution=/tmp/cc0LPk3F.res -plugin-opt=-pass-through=-lgcc_s -plugin-opt=-pass-through=-lgcc -plugin-opt=-pass-through=-lc -plugin-opt=-pass-through=-lgcc_s -plugin-opt=-pass-through=-lgcc --build-id --eh-frame-hdr -m elf_x86_64 --hash-style=gnu --as-needed -dynamic-linker /lib64/ld-linux-x86-64.so.2 -pie -z now -z relro -o cmTC_002e1 /usr/lib/gcc/x86_64-linux-gnu/9/../../../x86_64-linux-gnu/Scrt1.o /usr/lib/gcc/x86_64-linux-gnu/9/../../../x86_64-linux-gnu/crti.o /usr/lib/gcc/x86_64-linux-gnu/9/crtbeginS.o -L/usr/lib/gcc/x86_64-linux-gnu/9 -L/usr/lib/gcc/x86_64-linux-gnu/9/../../../x86_64-linux-gnu -L/usr/lib/gcc/x86_64-linux-gnu/9/../../../../lib -L/lib/x86_64-linux-gnu -L/lib/../lib -L/usr/lib/x86_64-linux-gnu -L/usr/lib/../lib -L/usr/lib/gcc/x86_64-linux-gnu/9/../../.. CMakeFiles/cmTC_002e1.dir/CMakeCXXCompilerABI.cpp.o -lstdc++ -lm -lgcc_s -lgcc -lc -lgcc_s -lgcc /usr/lib/gcc/x86_64-linux-gnu/9/crtendS.o /usr/lib/gcc/x86_64-linux-gnu/9/../../../x86_64-linux-gnu/crtn.o]
    arg [/usr/lib/gcc/x86_64-linux-gnu/9/collect2] ==> ignore
    arg [-plugin] ==> ignore
    arg [/usr/lib/gcc/x86_64-linux-gnu/9/liblto_plugin.so] ==> ignore
    arg [-plugin-opt=/usr/lib/gcc/x86_64-linux-gnu/9/lto-wrapper] ==> ignore
    arg [-plugin-opt=-fresolution=/tmp/cc0LPk3F.res] ==> ignore
    arg [-plugin-opt=-pass-through=-lgcc_s] ==> ignore
    arg [-plugin-opt=-pass-through=-lgcc] ==> ignore
    arg [-plugin-opt=-pass-through=-lc] ==> ignore
    arg [-plugin-opt=-pass-through=-lgcc_s] ==> ignore
    arg [-plugin-opt=-pass-through=-lgcc] ==> ignore
    arg [--build-id] ==> ignore
    arg [--eh-frame-hdr] ==> ignore
    arg [-m] ==> ignore
    arg [elf_x86_64] ==> ignore
    arg [--hash-style=gnu] ==> ignore
    arg [--as-needed] ==> ignore
    arg [-dynamic-linker] ==> ignore
    arg [/lib64/ld-linux-x86-64.so.2] ==> ignore
    arg [-pie] ==> ignore
    arg [-znow] ==> ignore
    arg [-zrelro] ==> ignore
    arg [-o] ==> ignore
    arg [cmTC_002e1] ==> ignore
    arg [/usr/lib/gcc/x86_64-linux-gnu/9/../../../x86_64-linux-gnu/Scrt1.o] ==> ignore
    arg [/usr/lib/gcc/x86_64-linux-gnu/9/../../../x86_64-linux-gnu/crti.o] ==> ignore
    arg [/usr/lib/gcc/x86_64-linux-gnu/9/crtbeginS.o] ==> ignore
    arg [-L/usr/lib/gcc/x86_64-linux-gnu/9] ==> dir [/usr/lib/gcc/x86_64-linux-gnu/9]
    arg [-L/usr/lib/gcc/x86_64-linux-gnu/9/../../../x86_64-linux-gnu] ==> dir [/usr/lib/gcc/x86_64-linux-gnu/9/../../../x86_64-linux-gnu]
    arg [-L/usr/lib/gcc/x86_64-linux-gnu/9/../../../../lib] ==> dir [/usr/lib/gcc/x86_64-linux-gnu/9/../../../../lib]
    arg [-L/lib/x86_64-linux-gnu] ==> dir [/lib/x86_64-linux-gnu]
    arg [-L/lib/../lib] ==> dir [/lib/../lib]
    arg [-L/usr/lib/x86_64-linux-gnu] ==> dir [/usr/lib/x86_64-linux-gnu]
    arg [-L/usr/lib/../lib] ==> dir [/usr/lib/../lib]
    arg [-L/usr/lib/gcc/x86_64-linux-gnu/9/../../..] ==> dir [/usr/lib/gcc/x86_64-linux-gnu/9/../../..]
    arg [CMakeFiles/cmTC_002e1.dir/CMakeCXXCompilerABI.cpp.o] ==> ignore
    arg [-lstdc++] ==> lib [stdc++]
    arg [-lm] ==> lib [m]
    arg [-lgcc_s] ==> lib [gcc_s]
    arg [-lgcc] ==> lib [gcc]
    arg [-lc] ==> lib [c]
    arg [-lgcc_s] ==> lib [gcc_s]
    arg [-lgcc] ==> lib [gcc]
    arg [/usr/lib/gcc/x86_64-linux-gnu/9/crtendS.o] ==> ignore
    arg [/usr/lib/gcc/x86_64-linux-gnu/9/../../../x86_64-linux-gnu/crtn.o] ==> ignore
  collapse library dir [/usr/lib/gcc/x86_64-linux-gnu/9] ==> [/usr/lib/gcc/x86_64-linux-gnu/9]
  collapse library dir [/usr/lib/gcc/x86_64-linux-gnu/9/../../../x86_64-linux-gnu] ==> [/usr/lib/x86_64-linux-gnu]
  collapse library dir [/usr/lib/gcc/x86_64-linux-gnu/9/../../../../lib] ==> [/usr/lib]
  collapse library dir [/lib/x86_64-linux-gnu] ==> [/lib/x86_64-linux-gnu]
  collapse library dir [/lib/../lib] ==> [/lib]
  collapse library dir [/usr/lib/x86_64-linux-gnu] ==> [/usr/lib/x86_64-linux-gnu]
  collapse library dir [/usr/lib/../lib] ==> [/usr/lib]
  collapse library dir [/usr/lib/gcc/x86_64-linux-gnu/9/../../..] ==> [/usr/lib]
  implicit libs: [stdc++;m;gcc_s;gcc;c;gcc_s;gcc]
  implicit dirs: [/usr/lib/gcc/x86_64-linux-gnu/9;/usr/lib/x86_64-linux-gnu;/usr/lib;/lib/x86_64-linux-gnu;/lib]
  implicit fwks: []


Performing C SOURCE FILE Test proc_found_avx succeeded with the following compile output:
Change Dir: /home/sneha/scarab/src/build/opt/CMakeFiles/CMakeTmp

Run Build Command(s):/usr/bin/make cmTC_e738b/fast && make[1]: Entering directory '/home/sneha/scarab/src/build/opt/CMakeFiles/CMakeTmp'
/usr/bin/make -f CMakeFiles/cmTC_e738b.dir/build.make CMakeFiles/cmTC_e738b.dir/build
make[2]: Entering directory '/home/sneha/scarab/src/build/opt/CMakeFiles/CMakeTmp'
Building C object CMakeFiles/cmTC_e738b.dir/src.c.o
/usr/bin/gcc   -Dproc_found_avx -mavx   -o CMakeFiles/cmTC_e738b.dir/src.c.o   -c /home/sneha/scarab/src/build/opt/CMakeFiles/CMakeTmp/src.c
Linking C executable cmTC_e738b
/usr/bin/cmake -E cmake_link_script CMakeFiles/cmTC_e738b.dir/link.txt --verbose=1
/usr/bin/gcc   -Dproc_found_avx -mavx    CMakeFiles/cmTC_e738b.dir/src.c.o  -o cmTC_e738b 
make[2]: Leaving directory '/home/sneha/scarab/src/build/opt/CMakeFiles/CMakeTmp'
make[1]: Leaving directory '/home/sneha/scarab/src/build/opt/CMakeFiles/CMakeTmp'


...and run output:

Return value: 1
Source file was:
#include <immintrin.h>
                int main() {
                  register __m256 ymm0 asm("ymm0");
                  (void)ymm0;
                  asm volatile("vmovdqu %ymm0, %ymm1");
                  return 0;
                }
Performing C SOURCE FILE Test proc_found_avx2 succeeded with the following compile output:
Change Dir: /home/sneha/scarab/src/build/opt/CMakeFiles/CMakeTmp

Run Build Command(s):/usr/bin/make cmTC_273f2/fast && make[1]: Entering directory '/home/sneha/scarab/src/build/opt/CMakeFiles/CMakeTmp'
/usr/bin/make -f CMakeFiles/cmTC_273f2.dir/build.make CMakeFiles/cmTC_273f2.dir/build
make[2]: Entering directory '/home/sneha/scarab/src/build/opt/CMakeFiles/CMakeTmp'
Building C object CMakeFiles/cmTC_273f2.dir/src.c.o
/usr/bin/gcc   -Dproc_found_avx2 -mavx2 -mbmi2   -o CMakeFiles/cmTC_273f2.dir/src.c.o   -c /home/sneha/scarab/src/build/opt/CMakeFiles/CMakeTmp/src.c
Linking C executable cmTC_273f2
/usr/bin/cmake -E cmake_link_script CMakeFiles/cmTC_273f2.dir/link.txt --verbose=1
/usr/bin/gcc   -Dproc_found_avx2 -mavx2 -mbmi2    CMakeFiles/cmTC_273f2.dir/src.c.o  -o cmTC_273f2 
make[2]: Leaving directory '/home/sneha/scarab/src/build/opt/CMakeFiles/CMakeTmp'
make[1]: Leaving directory '/home/sneha/scarab/src/build/opt/CMakeFiles/CMakeTmp'


...and run output:

Return value: 1
Source file was:
#include <immintrin.h>
                int main() {
                  register __m256 ymm0 asm("ymm0");
                  (void)ymm0;
                  asm volatile("vpsravd %ymm0, %ymm1, %ymm0");
                  return 0;
                }
Determining if the include file sys/types.h exists passed with the following output:
Change Dir: /home/sneha/scarab/src/build/opt/CMakeFiles/CMakeTmp

Run Build Command(s):/usr/bin/make cmTC_3f089/fast && make[1]: Entering directory '/home/sneha/scarab/src/build/opt/CMakeFiles/CMakeTmp'
/usr/bin/make -f CMakeFiles/cmTC_3f089.dir/build.make CMakeFiles/cmTC_3f089.dir/build
make[2]: Entering directory '/home/sneha/scarab/src/build/opt/CMakeFiles/CMakeTmp'
Building C object CMakeFiles/cmTC_3f089.dir/CheckIncludeFile.c.o
/usr/bin/gcc    -o CMakeFiles/cmTC_3f089.dir/CheckIncludeFile.c.o   -c /home/sneha/scarab/src/build/opt/CMakeFiles/CMakeTmp/CheckIncludeFile.c
Linking C executable cmTC_3f089
/usr/bin/cmake -E cmake_link_script CMakeFiles/cmTC_3f089.dir/link.txt --verbose=1
/usr/bin/gcc       CMakeFiles/cmTC_3f089.dir/CheckIncludeFile.c.o  -o cmTC_3f089 
make[2]: Leaving directory '/home/sneha/scarab/src/build/opt/CMakeFiles/CMakeTmp'
make[1]: Leaving directory '/home/sneha/scarab/src/build/opt/CMakeFiles/CMakeTmp'



Determining if the include file stdint.h exists passed with the following output:
Change Dir: /home/sneha/scarab/src/build/opt/CMakeFiles/CMakeTmp

Run Build Command(s):/usr/bin/make cmTC_24a53/fast && make[1]: Entering directory '/home/sneha/scarab/src/build/opt/CMakeFiles/CMakeTmp'
/usr/bin/make -f CMakeFiles/cmTC_24a53.dir/build.make CMakeFiles/cmTC_24a53.dir/build
make[2]: Entering directory '/home/sneha/scarab/src/build/opt/CMakeFiles/CMakeTmp'
Building C object CMakeFiles/cmTC_24a53.dir/CheckIncludeFile.c.o
/usr/bin/gcc    -o CMakeFiles/cmTC_24a53.dir/CheckIncludeFile.c.o   -c /home/sneha/scarab/src/build/opt/CMakeFiles/CMakeTmp/CheckIncludeFile.c
Linking C executable cmTC_24a53
/usr/bin/cmake -E cmake_link_script CMakeFiles/cmTC_24a53.dir/link.txt --verbose=1
/usr/bin/gcc       CMakeFiles/cmTC_24a53.dir/CheckIncludeFile.c.o  -o cmTC_24a53 
make[2]: Leaving directory '/home/sneha/scarab/src/build/opt/CMakeFiles/CMakeTmp'
make[1]: Leaving directory '/home/sneha/scarab/src/build/opt/CMakeFiles/CMakeTmp'



Determining if the include file stddef.h exists passed with the following output:
Change Dir: /home/sneha/scarab/src/build/opt/CMakeFiles/CMakeTmp

Run Build Command(s):/usr/bin/make cmTC_2dfeb/fast && make[1]: Entering directory '/home/sneha/scarab/src/build/opt/CMakeFiles/CMakeTmp'
/usr/bin/make -f CMakeFiles/cmTC_2dfeb.dir/build.make CMakeFiles/cmTC_2dfeb.dir/build
make[2]: Entering directory '/home/sneha/scarab/src/build/opt/CMakeFiles/CMakeTmp'
Building C object CMakeFiles/cmTC_2dfeb.dir/CheckIncludeFile.c.o
/usr/bin/gcc    -o CMakeFiles/cmTC_2dfeb.dir/CheckIncludeFile.c.o   -c /home/sneha/scarab/src/build/opt/CMakeFiles/CMakeTmp/CheckIncludeFile.c
Linking C executable cmTC_2dfeb
/usr/bin/cmake -E cmake_link_script CMakeFiles/cmTC_2dfeb.dir/link.txt --verbose=1
/usr/bin/gcc       CMakeFiles/cmTC_2dfeb.dir/CheckIncludeFile.c.o  -o cmTC_2dfeb 
make[2]: Leaving directory '/home/sneha/scarab/src/build/opt/CMakeFiles/CMakeTmp'
make[1]: Leaving directory '/home/sneha/scarab/src/build/opt/CMakeFiles/CMakeTmp'



Determining size of uint passed with the following output:
Change Dir: /home/sneha/scarab/src/build/opt/CMakeFiles/CMakeTmp

Run Build Command(s):/usr/bin/make cmTC_40537/fast && make[1]: Entering directory '/home/sneha/scarab/src/build/opt/CMakeFiles/CMakeTmp'
/usr/bin/make -f CMakeFiles/cmTC_40537.dir/build.make CMakeFiles/cmTC_40537.dir/build
make[2]: Entering directory '/home/sneha/scarab/src/build/opt/CMakeFiles/CMakeTmp'
Building C object CMakeFiles/cmTC_40537.dir/DR_DO_NOT_DEFINE_uint.c.o
/usr/bin/gcc    -o CMakeFiles/cmTC_40537.dir/DR_DO_NOT_DEFINE_uint.c.o   -c /home/sneha/scarab/src/build/opt/CMakeFiles/CheckTypeSize/DR_DO_NOT_DEFINE_uint.c
Linking C executable cmTC_40537
/usr/bin/cmake -E cmake_link_script CMakeFiles/cmTC_40537.dir/link.txt --verbose=1
/usr/bin/gcc       CMakeFiles/cmTC_40537.dir/DR_DO_NOT_DEFINE_uint.c.o  -o cmTC_40537 
make[2]: Leaving directory '/home/sneha/scarab/src/build/opt/CMakeFiles/CMakeTmp'
make[1]: Leaving directory '/home/sneha/scarab/src/build/opt/CMakeFiles/CMakeTmp'



Determining size of ushort passed with the following output:
Change Dir: /home/sneha/scarab/src/build/opt/CMakeFiles/CMakeTmp

Run Build Command(s):/usr/bin/make cmTC_3277d/fast && make[1]: Entering directory '/home/sneha/scarab/src/build/opt/CMakeFiles/CMakeTmp'
/usr/bin/make -f CMakeFiles/cmTC_3277d.dir/build.make CMakeFiles/cmTC_3277d.dir/build
make[2]: Entering directory '/home/sneha/scarab/src/build/opt/CMakeFiles/CMakeTmp'
Building C object CMakeFiles/cmTC_3277d.dir/DR_DO_NOT_DEFINE_ushort.c.o
/usr/bin/gcc    -o CMakeFiles/cmTC_3277d.dir/DR_DO_NOT_DEFINE_ushort.c.o   -c /home/sneha/scarab/src/build/opt/CMakeFiles/CheckTypeSize/DR_DO_NOT_DEFINE_ushort.c
Linking C executable cmTC_3277d
/usr/bin/cmake -E cmake_link_script CMakeFiles/cmTC_3277d.dir/link.txt --verbose=1
/usr/bin/gcc       CMakeFiles/cmTC_3277d.dir/DR_DO_NOT_DEFINE_ushort.c.o  -o cmTC_3277d 
make[2]: Leaving directory '/home/sneha/scarab/src/build/opt/CMakeFiles/CMakeTmp'
make[1]: Leaving directory '/home/sneha/scarab/src/build/opt/CMakeFiles/CMakeTmp'



Determining size of _Bool passed with the following output:
Change Dir: /home/sneha/scarab/src/build/opt/CMakeFiles/CMakeTmp

Run Build Command(s):/usr/bin/make cmTC_9b96d/fast && make[1]: Entering directory '/home/sneha/scarab/src/build/opt/CMakeFiles/CMakeTmp'
/usr/bin/make -f CMakeFiles/cmTC_9b96d.dir/build.make CMakeFiles/cmTC_9b96d.dir/build
make[2]: Entering directory '/home/sneha/scarab/src/build/opt/CMakeFiles/CMakeTmp'
Building C object CMakeFiles/cmTC_9b96d.dir/DR__Bool_EXISTS.c.o
/usr/bin/gcc    -o CMakeFiles/cmTC_9b96d.dir/DR__Bool_EXISTS.c.o   -c /home/sneha/scarab/src/build/opt/CMakeFiles/CheckTypeSize/DR__Bool_EXISTS.c
Linking C executable cmTC_9b96d
/usr/bin/cmake -E cmake_link_script CMakeFiles/cmTC_9b96d.dir/link.txt --verbose=1
/usr/bin/gcc       CMakeFiles/cmTC_9b96d.dir/DR__Bool_EXISTS.c.o  -o cmTC_9b96d 
make[2]: Leaving directory '/home/sneha/scarab/src/build/opt/CMakeFiles/CMakeTmp'
make[1]: Leaving directory '/home/sneha/scarab/src/build/opt/CMakeFiles/CMakeTmp'



Performing C++ SOURCE FILE Test cxx17_available succeeded with the following output:
Change Dir: /home/sneha/scarab/src/build/opt/CMakeFiles/CMakeTmp

Run Build Command(s):/usr/bin/make cmTC_c932f/fast && make[1]: Entering directory '/home/sneha/scarab/src/build/opt/CMakeFiles/CMakeTmp'
/usr/bin/make -f CMakeFiles/cmTC_c932f.dir/build.make CMakeFiles/cmTC_c932f.dir/build
make[2]: Entering directory '/home/sneha/scarab/src/build/opt/CMakeFiles/CMakeTmp'
Building CXX object CMakeFiles/cmTC_c932f.dir/src.cxx.o
/usr/bin/g++    -Dcxx17_available   -std=c++17 -o CMakeFiles/cmTC_c932f.dir/src.cxx.o -c /home/sneha/scarab/src/build/opt/CMakeFiles/CMakeTmp/src.cxx
Linking CXX executable cmTC_c932f
/usr/bin/cmake -E cmake_link_script CMakeFiles/cmTC_c932f.dir/link.txt --verbose=1
/usr/bin/g++    -Dcxx17_available    CMakeFiles/cmTC_c932f.dir/src.cxx.o  -o cmTC_c932f 
make[2]: Leaving directory '/home/sneha/scarab/src/build/opt/CMakeFiles/CMakeTmp'
make[1]: Leaving directory '/home/sneha/scarab/src/build/opt/CMakeFiles/CMakeTmp'


Source file was:
int main() { return 0; }
Performing C SOURCE FILE Test no_stack_protector_avail succeeded with the following output:
Change Dir: /home/sneha/scarab/src/build/opt/CMakeFiles/CMakeTmp

Run Build Command(s):/usr/bin/make cmTC_afc6d/fast && make[1]: Entering directory '/home/sneha/scarab/src/build/opt/CMakeFiles/CMakeTmp'
/usr/bin/make -f CMakeFiles/cmTC_afc6d.dir/build.make CMakeFiles/cmTC_afc6d.dir/build
make[2]: Entering directory '/home/sneha/scarab/src/build/opt/CMakeFiles/CMakeTmp'
Building C object CMakeFiles/cmTC_afc6d.dir/src.c.o
/usr/bin/gcc   -Dno_stack_protector_avail   -fno-stack-protector -o CMakeFiles/cmTC_afc6d.dir/src.c.o   -c /home/sneha/scarab/src/build/opt/CMakeFiles/CMakeTmp/src.c
Linking C executable cmTC_afc6d
/usr/bin/cmake -E cmake_link_script CMakeFiles/cmTC_afc6d.dir/link.txt --verbose=1
/usr/bin/gcc   -Dno_stack_protector_avail    CMakeFiles/cmTC_afc6d.dir/src.c.o  -o cmTC_afc6d 
make[2]: Leaving directory '/home/sneha/scarab/src/build/opt/CMakeFiles/CMakeTmp'
make[1]: Leaving directory '/home/sneha/scarab/src/build/opt/CMakeFiles/CMakeTmp'


Source file was:
int main(void) { return 0; }
Performing C++ SOURCE FILE Test suggest_override_avail succeeded with the following output:
Change Dir: /home/sneha/scarab/src/build/opt/CMakeFiles/CMakeTmp

Run Build Command(s):/usr/bin/make cmTC_2ed60/fast && make[1]: Entering directory '/home/sneha/scarab/src/build/opt/CMakeFiles/CMakeTmp'
/usr/bin/make -f CMakeFiles/cmTC_2ed60.dir/build.make CMakeFiles/cmTC_2ed60.dir/build
make[2]: Entering directory '/home/sneha/scarab/src/build/opt/CMakeFiles/CMakeTmp'
Building CXX object CMakeFiles/cmTC_2ed60.dir/src.cxx.o
/usr/bin/g++    -Dsuggest_override_avail   -Wsuggest-override -o CMakeFiles/cmTC_2ed60.dir/src.cxx.o -c /home/sneha/scarab/src/build/opt/CMakeFiles/CMakeTmp/src.cxx
Linking CXX executable cmTC_2ed60
/usr/bin/cmake -E cmake_link_script CMakeFiles/cmTC_2ed60.dir/link.txt --verbose=1
/usr/bin/g++    -Dsuggest_override_avail    CMakeFiles/cmTC_2ed60.dir/src.cxx.o  -o cmTC_2ed60 
make[2]: Leaving directory '/home/sneha/scarab/src/build/opt/CMakeFiles/CMakeTmp'
make[1]: Leaving directory '/home/sneha/scarab/src/build/opt/CMakeFiles/CMakeTmp'


Source file was:
int main() { return 0; }
Performing C SOURCE FILE Test nounused_avail succeeded with the following output:
Change Dir: /home/sneha/scarab/src/build/opt/CMakeFiles/CMakeTmp

Run Build Command(s):/usr/bin/make cmTC_c4c30/fast && make[1]: Entering directory '/home/sneha/scarab/src/build/opt/CMakeFiles/CMakeTmp'
/usr/bin/make -f CMakeFiles/cmTC_c4c30.dir/build.make CMakeFiles/cmTC_c4c30.dir/build
make[2]: Entering directory '/home/sneha/scarab/src/build/opt/CMakeFiles/CMakeTmp'
Building C object CMakeFiles/cmTC_c4c30.dir/src.c.o
/usr/bin/gcc   -Dnounused_avail   -Wno-unused-but-set-variable -o CMakeFiles/cmTC_c4c30.dir/src.c.o   -c /home/sneha/scarab/src/build/opt/CMakeFiles/CMakeTmp/src.c
Linking C executable cmTC_c4c30
/usr/bin/cmake -E cmake_link_script CMakeFiles/cmTC_c4c30.dir/link.txt --verbose=1
/usr/bin/gcc   -Dnounused_avail    CMakeFiles/cmTC_c4c30.dir/src.c.o  -o cmTC_c4c30 
make[2]: Leaving directory '/home/sneha/scarab/src/build/opt/CMakeFiles/CMakeTmp'
make[1]: Leaving directory '/home/sneha/scarab/src/build/opt/CMakeFiles/CMakeTmp'


Source file was:
int main(void) { return 0; }
Performing C SOURCE FILE Test stringop_truncation_avail succeeded with the following output:
Change Dir: /home/sneha/scarab/src/build/opt/CMakeFiles/CMakeTmp

Run Build Command(s):/usr/bin/make cmTC_c376a/fast && make[1]: Entering directory '/home/sneha/scarab/src/build/opt/CMakeFiles/CMakeTmp'
/usr/bin/make -f CMakeFiles/cmTC_c376a.dir/build.make CMakeFiles/cmTC_c376a.dir/build
make[2]: Entering directory '/home/sneha/scarab/src/build/opt/CMakeFiles/CMakeTmp'
Building C object CMakeFiles/cmTC_c376a.dir/src.c.o
/usr/bin/gcc   -Dstringop_truncation_avail   -Wstringop-truncation -o CMakeFiles/cmTC_c376a.dir/src.c.o   -c /home/sneha/scarab/src/build/opt/CMakeFiles/CMakeTmp/src.c
Linking C executable cmTC_c376a
/usr/bin/cmake -E cmake_link_script CMakeFiles/cmTC_c376a.dir/link.txt --verbose=1
/usr/bin/gcc   -Dstringop_truncation_avail    CMakeFiles/cmTC_c376a.dir/src.c.o  -o cmTC_c376a 
make[2]: Leaving directory '/home/sneha/scarab/src/build/opt/CMakeFiles/CMakeTmp'
make[1]: Leaving directory '/home/sneha/scarab/src/build/opt/CMakeFiles/CMakeTmp'


Source file was:
int main(void) { return 0; }
Performing C SOURCE FILE Test format_truncation_avail succeeded with the following output:
Change Dir: /home/sneha/scarab/src/build/opt/CMakeFiles/CMakeTmp

Run Build Command(s):/usr/bin/make cmTC_11845/fast && make[1]: Entering directory '/home/sneha/scarab/src/build/opt/CMakeFiles/CMakeTmp'
/usr/bin/make -f CMakeFiles/cmTC_11845.dir/build.make CMakeFiles/cmTC_11845.dir/build
make[2]: Entering directory '/home/sneha/scarab/src/build/opt/CMakeFiles/CMakeTmp'
Building C object CMakeFiles/cmTC_11845.dir/src.c.o
/usr/bin/gcc   -Dformat_truncation_avail   -Wformat-truncation -o CMakeFiles/cmTC_11845.dir/src.c.o   -c /home/sneha/scarab/src/build/opt/CMakeFiles/CMakeTmp/src.c
Linking C executable cmTC_11845
/usr/bin/cmake -E cmake_link_script CMakeFiles/cmTC_11845.dir/link.txt --verbose=1
/usr/bin/gcc   -Dformat_truncation_avail    CMakeFiles/cmTC_11845.dir/src.c.o  -o cmTC_11845 
make[2]: Leaving directory '/home/sneha/scarab/src/build/opt/CMakeFiles/CMakeTmp'
make[1]: Leaving directory '/home/sneha/scarab/src/build/opt/CMakeFiles/CMakeTmp'


Source file was:
int main(void) { return 0; }
Performing C SOURCE FILE Test stringop_overflow_avail succeeded with the following output:
Change Dir: /home/sneha/scarab/src/build/opt/CMakeFiles/CMakeTmp

Run Build Command(s):/usr/bin/make cmTC_8c579/fast && make[1]: Entering directory '/home/sneha/scarab/src/build/opt/CMakeFiles/CMakeTmp'
/usr/bin/make -f CMakeFiles/cmTC_8c579.dir/build.make CMakeFiles/cmTC_8c579.dir/build
make[2]: Entering directory '/home/sneha/scarab/src/build/opt/CMakeFiles/CMakeTmp'
Building C object CMakeFiles/cmTC_8c579.dir/src.c.o
/usr/bin/gcc   -Dstringop_overflow_avail   -Wstringop-overflow -o CMakeFiles/cmTC_8c579.dir/src.c.o   -c /home/sneha/scarab/src/build/opt/CMakeFiles/CMakeTmp/src.c
Linking C executable cmTC_8c579
/usr/bin/cmake -E cmake_link_script CMakeFiles/cmTC_8c579.dir/link.txt --verbose=1
/usr/bin/gcc   -Dstringop_overflow_avail    CMakeFiles/cmTC_8c579.dir/src.c.o  -o cmTC_8c579 
make[2]: Leaving directory '/home/sneha/scarab/src/build/opt/CMakeFiles/CMakeTmp'
make[1]: Leaving directory '/home/sneha/scarab/src/build/opt/CMakeFiles/CMakeTmp'


Source file was:
int main(void) { return 0; }
Performing C SOURCE FILE Test HAVE_TYPELIMITS_CONTROL succeeded with the following output:
Change Dir: /home/sneha/scarab/src/build/opt/CMakeFiles/CMakeTmp

Run Build Command(s):/usr/bin/make cmTC_64b8a/fast && make[1]: Entering directory '/home/sneha/scarab/src/build/opt/CMakeFiles/CMakeTmp'
/usr/bin/make -f CMakeFiles/cmTC_64b8a.dir/build.make CMakeFiles/cmTC_64b8a.dir/build
make[2]: Entering directory '/home/sneha/scarab/src/build/opt/CMakeFiles/CMakeTmp'
Building C object CMakeFiles/cmTC_64b8a.dir/src.c.o
/usr/bin/gcc   -DHAVE_TYPELIMITS_CONTROL   -Wtype-limits -o CMakeFiles/cmTC_64b8a.dir/src.c.o   -c /home/sneha/scarab/src/build/opt/CMakeFiles/CMakeTmp/src.c
Linking C executable cmTC_64b8a
/usr/bin/cmake -E cmake_link_script CMakeFiles/cmTC_64b8a.dir/link.txt --verbose=1
/usr/bin/gcc   -DHAVE_TYPELIMITS_CONTROL    CMakeFiles/cmTC_64b8a.dir/src.c.o  -o cmTC_64b8a 
make[2]: Leaving directory '/home/sneha/scarab/src/build/opt/CMakeFiles/CMakeTmp'
make[1]: Leaving directory '/home/sneha/scarab/src/build/opt/CMakeFiles/CMakeTmp'


Source file was:
int main(void) { return 0; }
Performing C SOURCE FILE Test HAVE_FVISIBILITY_INTERNAL succeeded with the following output:
Change Dir: /home/sneha/scarab/src/build/opt/CMakeFiles/CMakeTmp

Run Build Command(s):/usr/bin/make cmTC_88624/fast && make[1]: Entering directory '/home/sneha/scarab/src/build/opt/CMakeFiles/CMakeTmp'
/usr/bin/make -f CMakeFiles/cmTC_88624.dir/build.make CMakeFiles/cmTC_88624.dir/build
make[2]: Entering directory '/home/sneha/scarab/src/build/opt/CMakeFiles/CMakeTmp'
Building C object CMakeFiles/cmTC_88624.dir/src.c.o
/usr/bin/gcc   -DHAVE_FVISIBILITY_INTERNAL   -fvisibility=internal -o CMakeFiles/cmTC_88624.dir/src.c.o   -c /home/sneha/scarab/src/build/opt/CMakeFiles/CMakeTmp/src.c
Linking C executable cmTC_88624
/usr/bin/cmake -E cmake_link_script CMakeFiles/cmTC_88624.dir/link.txt --verbose=1
/usr/bin/gcc   -DHAVE_FVISIBILITY_INTERNAL    CMakeFiles/cmTC_88624.dir/src.c.o  -o cmTC_88624 
make[2]: Leaving directory '/home/sneha/scarab/src/build/opt/CMakeFiles/CMakeTmp'
make[1]: Leaving directory '/home/sneha/scarab/src/build/opt/CMakeFiles/CMakeTmp'


Source file was:
int main(void) { return 0; }
Performing C SOURCE FILE Test HAVE_FVISIBILITY_HIDDEN succeeded with the following output:
Change Dir: /home/sneha/scarab/src/build/opt/CMakeFiles/CMakeTmp

Run Build Command(s):/usr/bin/make cmTC_18793/fast && make[1]: Entering directory '/home/sneha/scarab/src/build/opt/CMakeFiles/CMakeTmp'
/usr/bin/make -f CMakeFiles/cmTC_18793.dir/build.make CMakeFiles/cmTC_18793.dir/build
make[2]: Entering directory '/home/sneha/scarab/src/build/opt/CMakeFiles/CMakeTmp'
Building C object CMakeFiles/cmTC_18793.dir/src.c.o
/usr/bin/gcc   -DHAVE_FVISIBILITY_HIDDEN   -fvisibility=hidden -o CMakeFiles/cmTC_18793.dir/src.c.o   -c /home/sneha/scarab/src/build/opt/CMakeFiles/CMakeTmp/src.c
Linking C executable cmTC_18793
/usr/bin/cmake -E cmake_link_script CMakeFiles/cmTC_18793.dir/link.txt --verbose=1
/usr/bin/gcc   -DHAVE_FVISIBILITY_HIDDEN    CMakeFiles/cmTC_18793.dir/src.c.o  -o cmTC_18793 
make[2]: Leaving directory '/home/sneha/scarab/src/build/opt/CMakeFiles/CMakeTmp'
make[1]: Leaving directory '/home/sneha/scarab/src/build/opt/CMakeFiles/CMakeTmp'


Source file was:
int main(void) { return 0; }
Performing C SOURCE FILE Test HAVE_FNOSANITIZE_NULL succeeded with the following output:
Change Dir: /home/sneha/scarab/src/build/opt/CMakeFiles/CMakeTmp

Run Build Command(s):/usr/bin/make cmTC_f5571/fast && make[1]: Entering directory '/home/sneha/scarab/src/build/opt/CMakeFiles/CMakeTmp'
/usr/bin/make -f CMakeFiles/cmTC_f5571.dir/build.make CMakeFiles/cmTC_f5571.dir/build
make[2]: Entering directory '/home/sneha/scarab/src/build/opt/CMakeFiles/CMakeTmp'
Building C object CMakeFiles/cmTC_f5571.dir/src.c.o
/usr/bin/gcc   -DHAVE_FNOSANITIZE_NULL   -fno-sanitize=null -o CMakeFiles/cmTC_f5571.dir/src.c.o   -c /home/sneha/scarab/src/build/opt/CMakeFiles/CMakeTmp/src.c
Linking C executable cmTC_f5571
/usr/bin/cmake -E cmake_link_script CMakeFiles/cmTC_f5571.dir/link.txt --verbose=1
/usr/bin/gcc   -DHAVE_FNOSANITIZE_NULL    CMakeFiles/cmTC_f5571.dir/src.c.o  -o cmTC_f5571 
make[2]: Leaving directory '/home/sneha/scarab/src/build/opt/CMakeFiles/CMakeTmp'
make[1]: Leaving directory '/home/sneha/scarab/src/build/opt/CMakeFiles/CMakeTmp'


Source file was:
int main(void) { return 0; }
Determining if the include file linux/rseq.h exists passed with the following output:
Change Dir: /home/sneha/scarab/src/build/opt/CMakeFiles/CMakeTmp

Run Build Command(s):/usr/bin/make cmTC_33137/fast && make[1]: Entering directory '/home/sneha/scarab/src/build/opt/CMakeFiles/CMakeTmp'
/usr/bin/make -f CMakeFiles/cmTC_33137.dir/build.make CMakeFiles/cmTC_33137.dir/build
make[2]: Entering directory '/home/sneha/scarab/src/build/opt/CMakeFiles/CMakeTmp'
Building C object CMakeFiles/cmTC_33137.dir/CheckIncludeFile.c.o
/usr/bin/gcc   -m64  -fno-strict-aliasing -funsigned-char -fno-stack-protector -fvisibility=internal  -std=gnu99 -fno-unwind-tables -O3 -g3  -Wall -Werror -Wwrite-strings -Wvla -Wno-unused-but-set-variable -Wno-stringop-truncation -Wno-format-truncation -Wno-stringop-overflow    -o CMakeFiles/cmTC_33137.dir/CheckIncludeFile.c.o   -c /home/sneha/scarab/src/build/opt/CMakeFiles/CMakeTmp/CheckIncludeFile.c
Linking C executable cmTC_33137
/usr/bin/cmake -E cmake_link_script CMakeFiles/cmTC_33137.dir/link.txt --verbose=1
/usr/bin/gcc -m64  -fno-strict-aliasing -funsigned-char -fno-stack-protector -fvisibility=internal  -std=gnu99 -fno-unwind-tables -O3 -g3  -Wall -Werror -Wwrite-strings -Wvla -Wno-unused-but-set-variable -Wno-stringop-truncation -Wno-format-truncation -Wno-stringop-overflow      CMakeFiles/cmTC_33137.dir/CheckIncludeFile.c.o  -o cmTC_33137 
make[2]: Leaving directory '/home/sneha/scarab/src/build/opt/CMakeFiles/CMakeTmp'
make[1]: Leaving directory '/home/sneha/scarab/src/build/opt/CMakeFiles/CMakeTmp'



Determining if the include file libunwind.h exists passed with the following output:
Change Dir: /home/sneha/scarab/src/build/opt/CMakeFiles/CMakeTmp

Run Build Command(s):/usr/bin/make cmTC_ff507/fast && make[1]: Entering directory '/home/sneha/scarab/src/build/opt/CMakeFiles/CMakeTmp'
/usr/bin/make -f CMakeFiles/cmTC_ff507.dir/build.make CMakeFiles/cmTC_ff507.dir/build
make[2]: Entering directory '/home/sneha/scarab/src/build/opt/CMakeFiles/CMakeTmp'
Building C object CMakeFiles/cmTC_ff507.dir/CheckIncludeFile.c.o
/usr/bin/gcc   -m64  -fno-strict-aliasing -funsigned-char -fno-stack-protector -fvisibility=internal  -std=gnu99 -fno-unwind-tables -O3 -g3  -Wall -Werror -Wwrite-strings -Wvla -Wno-unused-but-set-variable -Wno-stringop-truncation -Wno-format-truncation -Wno-stringop-overflow    -o CMakeFiles/cmTC_ff507.dir/CheckIncludeFile.c.o   -c /home/sneha/scarab/src/build/opt/CMakeFiles/CMakeTmp/CheckIncludeFile.c
Linking C executable cmTC_ff507
/usr/bin/cmake -E cmake_link_script CMakeFiles/cmTC_ff507.dir/link.txt --verbose=1
/usr/bin/gcc -m64  -fno-strict-aliasing -funsigned-char -fno-stack-protector -fvisibility=internal  -std=gnu99 -fno-unwind-tables -O3 -g3  -Wall -Werror -Wwrite-strings -Wvla -Wno-unused-but-set-variable -Wno-stringop-truncation -Wno-format-truncation -Wno-stringop-overflow      CMakeFiles/cmTC_ff507.dir/CheckIncludeFile.c.o  -o cmTC_ff507 
make[2]: Leaving directory '/home/sneha/scarab/src/build/opt/CMakeFiles/CMakeTmp'
make[1]: Leaving directory '/home/sneha/scarab/src/build/opt/CMakeFiles/CMakeTmp'



Performing C SOURCE FILE Test no_pie_avail succeeded with the following output:
Change Dir: /home/sneha/scarab/src/build/opt/CMakeFiles/CMakeTmp

Run Build Command(s):/usr/bin/make cmTC_e7d90/fast && make[1]: Entering directory '/home/sneha/scarab/src/build/opt/CMakeFiles/CMakeTmp'
/usr/bin/make -f CMakeFiles/cmTC_e7d90.dir/build.make CMakeFiles/cmTC_e7d90.dir/build
make[2]: Entering directory '/home/sneha/scarab/src/build/opt/CMakeFiles/CMakeTmp'
Building C object CMakeFiles/cmTC_e7d90.dir/src.c.o
/usr/bin/gcc   -m64  -fno-strict-aliasing -funsigned-char -fno-stack-protector -fvisibility=internal  -std=gnu99 -fno-unwind-tables -O3 -g3  -Wall -Werror -Wwrite-strings -Wvla -Wno-unused-but-set-variable -Wno-stringop-truncation -Wno-format-truncation -Wno-stringop-overflow -Dno_pie_avail   -no-pie -o CMakeFiles/cmTC_e7d90.dir/src.c.o   -c /home/sneha/scarab/src/build/opt/CMakeFiles/CMakeTmp/src.c
Linking C executable cmTC_e7d90
/usr/bin/cmake -E cmake_link_script CMakeFiles/cmTC_e7d90.dir/link.txt --verbose=1
/usr/bin/gcc -m64  -fno-strict-aliasing -funsigned-char -fno-stack-protector -fvisibility=internal  -std=gnu99 -fno-unwind-tables -O3 -g3  -Wall -Werror -Wwrite-strings -Wvla -Wno-unused-but-set-variable -Wno-stringop-truncation -Wno-format-truncation -Wno-stringop-overflow -Dno_pie_avail     CMakeFiles/cmTC_e7d90.dir/src.c.o  -o cmTC_e7d90 
make[2]: Leaving directory '/home/sneha/scarab/src/build/opt/CMakeFiles/CMakeTmp'
make[1]: Leaving directory '/home/sneha/scarab/src/build/opt/CMakeFiles/CMakeTmp'


Source file was:
int main(void) { return 0; }
Performing C SOURCE FILE Test implicit_fallthrough_avail succeeded with the following output:
Change Dir: /home/sneha/scarab/src/build/opt/CMakeFiles/CMakeTmp

Run Build Command(s):/usr/bin/make cmTC_3718f/fast && make[1]: Entering directory '/home/sneha/scarab/src/build/opt/CMakeFiles/CMakeTmp'
/usr/bin/make -f CMakeFiles/cmTC_3718f.dir/build.make CMakeFiles/cmTC_3718f.dir/build
make[2]: Entering directory '/home/sneha/scarab/src/build/opt/CMakeFiles/CMakeTmp'
Building C object CMakeFiles/cmTC_3718f.dir/src.c.o
/usr/bin/gcc   -Dimplicit_fallthrough_avail   -Wimplicit-fallthrough -o CMakeFiles/cmTC_3718f.dir/src.c.o   -c /home/sneha/scarab/src/build/opt/CMakeFiles/CMakeTmp/src.c
Linking C executable cmTC_3718f
/usr/bin/cmake -E cmake_link_script CMakeFiles/cmTC_3718f.dir/link.txt --verbose=1
/usr/bin/gcc   -Dimplicit_fallthrough_avail     CMakeFiles/cmTC_3718f.dir/src.c.o  -o cmTC_3718f 
make[2]: Leaving directory '/home/sneha/scarab/src/build/opt/CMakeFiles/CMakeTmp'
make[1]: Leaving directory '/home/sneha/scarab/src/build/opt/CMakeFiles/CMakeTmp'


Source file was:
int main(void) { return 0; }
